0 verbose cli C:\nvm4w\nodejs\node.exe D:\npm-global\node_modules\npm\bin\npm-cli.js
1 info using npm@11.8.0
2 info using node@v22.20.0
3 silly config load:file:D:\npm-global\node_modules\npm\npmrc
4 silly config load:file:D:\Proyectos\MedLy\.npmrc
5 silly config load:file:C:\Users\aryed\.npmrc
6 silly config load:file:D:\npm-global\etc\npmrc
7 verbose title npm create vite@lastest frontend --template react
8 verbose argv "create" "vite@lastest" "frontend" "--" "--template" "react"
9 verbose logfile logs-max:10 dir:D:\Proyectos\MedLy\npm-cache\_logs\2026-06-02T22_38_45_556Z-
10 verbose logfile D:\Proyectos\MedLy\npm-cache\_logs\2026-06-02T22_38_45_556Z-debug-0.log
11 silly logfile done cleaning log files
12 silly packumentCache heap:2197815296 maxSize:549453824 maxEntrySize:274726912
13 http fetch GET 200 https://registry.npmjs.org/create-vite 326ms (cache miss)
14 verbose type tag
15 verbose stack create-vite: No matching version found for create-vite@lastest.
15 verbose stack     at module.exports (D:\npm-global\node_modules\npm\node_modules\npm-pick-manifest\lib\index.js:210:23)
15 verbose stack     at RegistryFetcher.manifest (D:\npm-global\node_modules\npm\node_modules\pacote\lib\registry.js:130:54)
15 verbose stack     at async getManifest (D:\npm-global\node_modules\npm\node_modules\libnpmexec\lib\index.js:29:22)
15 verbose stack     at async missingFromTree (D:\npm-global\node_modules\npm\node_modules\libnpmexec\lib\index.js:69:22)
15 verbose stack     at async D:\npm-global\node_modules\npm\node_modules\libnpmexec\lib\index.js:186:32
15 verbose stack     at async Promise.all (index 0)
15 verbose stack     at async exec (D:\npm-global\node_modules\npm\node_modules\libnpmexec\lib\index.js:184:3)
15 verbose stack     at async Init.execCreate (D:\npm-global\node_modules\npm\lib\commands\init.js:143:5)
15 verbose stack     at async Init.exec (D:\npm-global\node_modules\npm\lib\commands\init.js:46:14)
15 verbose stack     at async Npm.exec (D:\npm-global\node_modules\npm\lib\npm.js:208:9)
16 error code ETARGET
17 error notarget No matching version found for create-vite@lastest.
18 error notarget In most cases you or one of your dependencies are requesting
18 error notarget a package version that doesn't exist.
19 verbose cwd D:\Proyectos\MedLy
20 verbose os Windows_NT 10.0.26200
21 verbose node v22.20.0
22 verbose npm  v11.8.0
23 verbose exit 1
24 verbose code 1
25 error A complete log of this run can be found in: D:\Proyectos\MedLy\npm-cache\_logs\2026-06-02T22_38_45_556Z-debug-0.log
