0 verbose cli C:\nvm4w\nodejs\node.exe D:\npm-global\node_modules\npm\bin\npm-cli.js
1 info using npm@11.8.0
2 info using node@v22.20.0
3 silly config load:file:D:\npm-global\node_modules\npm\npmrc
4 silly config load:file:D:\Proyectos\MedLy\.npmrc
5 silly config load:file:C:\Users\aryed\.npmrc
6 silly config load:file:D:\npm-global\etc\npmrc
7 verbose title npm run dev
8 verbose argv "run" "dev"
9 verbose logfile logs-max:10 dir:D:\Proyectos\MedLy\npm-cache\_logs\2026-06-15T21_23_55_938Z-
10 verbose logfile D:\Proyectos\MedLy\npm-cache\_logs\2026-06-15T21_23_55_938Z-debug-0.log
11 silly logfile start cleaning logs, removing 3 files
12 verbose stack Error: Could not read package.json: Error: ENOENT: no such file or directory, open 'D:\Proyectos\MedLy\package.json'
12 verbose stack     at async open (node:internal/fs/promises:641:25)
12 verbose stack     at async readFile (node:internal/fs/promises:1245:14)
12 verbose stack     at async read (D:\npm-global\node_modules\npm\node_modules\@npmcli\package-json\lib\read-package.js:9:18)
12 verbose stack     at async PackageJson.load (D:\npm-global\node_modules\npm\node_modules\@npmcli\package-json\lib\index.js:131:31)
12 verbose stack     at async PackageJson.normalize (D:\npm-global\node_modules\npm\node_modules\@npmcli\package-json\lib\index.js:117:5)
12 verbose stack     at async #run (D:\npm-global\node_modules\npm\lib\commands\run.js:90:13)
12 verbose stack     at async RunScript.exec (D:\npm-global\node_modules\npm\lib\commands\run.js:44:7)
12 verbose stack     at async Npm.exec (D:\npm-global\node_modules\npm\lib\npm.js:208:9)
12 verbose stack     at async module.exports (D:\npm-global\node_modules\npm\lib\cli\entry.js:67:5)
13 error code ENOENT
14 error syscall open
15 error path D:\Proyectos\MedLy\package.json
16 error errno -4058
17 error enoent Could not read package.json: Error: ENOENT: no such file or directory, open 'D:\Proyectos\MedLy\package.json'
18 error enoent This is related to npm not being able to find a file.
18 error enoent
19 verbose cwd D:\Proyectos\MedLy
20 verbose os Windows_NT 10.0.26200
21 verbose node v22.20.0
22 verbose npm  v11.8.0
23 verbose exit -4058
24 verbose code -4058
25 error A complete log of this run can be found in: D:\Proyectos\MedLy\npm-cache\_logs\2026-06-15T21_23_55_938Z-debug-0.log
