0 verbose cli C:\nvm4w\nodejs\node.exe D:\npm-global\node_modules\npm\bin\npm-cli.js
1 info using npm@11.8.0
2 info using node@v22.20.0
3 silly config load:file:D:\npm-global\node_modules\npm\npmrc
4 silly config load:file:D:\Proyectos\MedLy\backend\.npmrc
5 silly config load:file:C:\Users\aryed\.npmrc
6 silly config load:file:D:\npm-global\etc\npmrc
7 verbose title npm install jsonwebtoken
8 verbose argv "install" "jsonwebtoken"
9 verbose logfile logs-max:10 dir:D:\Proyectos\MedLy\backend\npm-cache\_logs\2026-06-02T23_18_33_353Z-
10 verbose logfile D:\Proyectos\MedLy\backend\npm-cache\_logs\2026-06-02T23_18_33_353Z-debug-0.log
11 silly logfile done cleaning log files
12 silly packumentCache heap:2197815296 maxSize:549453824 maxEntrySize:274726912
13 silly idealTree buildDeps
14 silly fetch manifest jsonwebtoken@*
15 silly packumentCache full:https://registry.npmjs.org/jsonwebtoken cache-miss
16 http fetch GET 200 https://registry.npmjs.org/jsonwebtoken 442ms (cache miss)
17 silly packumentCache full:https://registry.npmjs.org/jsonwebtoken set size:undefined disposed:false
18 silly placeDep ROOT jsonwebtoken@9.0.3 OK for: backend@1.0.0 want: *
19 silly fetch manifest ms@^2.1.1
20 silly packumentCache full:https://registry.npmjs.org/ms cache-miss
21 silly fetch manifest jws@^4.0.1
22 silly packumentCache full:https://registry.npmjs.org/jws cache-miss
23 silly fetch manifest lodash.once@^4.0.0
24 silly packumentCache full:https://registry.npmjs.org/lodash.once cache-miss
25 http fetch GET 200 https://registry.npmjs.org/jws 159ms (cache miss)
26 silly packumentCache full:https://registry.npmjs.org/jws set size:undefined disposed:false
27 silly fetch manifest lodash.includes@^4.3.0
28 silly packumentCache full:https://registry.npmjs.org/lodash.includes cache-miss
29 http fetch GET 200 https://registry.npmjs.org/lodash.includes 161ms (cache miss)
30 silly packumentCache full:https://registry.npmjs.org/lodash.includes set size:undefined disposed:false
31 silly fetch manifest lodash.isnumber@^3.0.3
32 silly packumentCache full:https://registry.npmjs.org/lodash.isnumber cache-miss
33 http fetch GET 200 https://registry.npmjs.org/lodash.isnumber 75ms (cache miss)
34 silly packumentCache full:https://registry.npmjs.org/lodash.isnumber set size:undefined disposed:false
35 silly fetch manifest lodash.isstring@^4.0.1
36 silly packumentCache full:https://registry.npmjs.org/lodash.isstring cache-miss
37 http fetch GET 200 https://registry.npmjs.org/lodash.once 441ms (cache miss)
38 silly packumentCache full:https://registry.npmjs.org/lodash.once set size:undefined disposed:false
39 silly fetch manifest lodash.isboolean@^3.0.3
40 silly packumentCache full:https://registry.npmjs.org/lodash.isboolean cache-miss
41 http fetch GET 200 https://registry.npmjs.org/ms 455ms (cache revalidated)
42 silly packumentCache full:https://registry.npmjs.org/ms set size:92208 disposed:false
43 silly fetch manifest lodash.isinteger@^4.0.4
44 silly packumentCache full:https://registry.npmjs.org/lodash.isinteger cache-miss
45 http fetch GET 200 https://registry.npmjs.org/lodash.isstring 98ms (cache miss)
46 silly packumentCache full:https://registry.npmjs.org/lodash.isstring set size:undefined disposed:false
47 silly fetch manifest lodash.isplainobject@^4.0.6
48 silly packumentCache full:https://registry.npmjs.org/lodash.isplainobject cache-miss
49 http fetch GET 200 https://registry.npmjs.org/lodash.isboolean 102ms (cache miss)
50 silly packumentCache full:https://registry.npmjs.org/lodash.isboolean set size:undefined disposed:false
51 http fetch GET 200 https://registry.npmjs.org/lodash.isinteger 116ms (cache miss)
52 silly packumentCache full:https://registry.npmjs.org/lodash.isinteger set size:undefined disposed:false
53 http fetch GET 200 https://registry.npmjs.org/lodash.isplainobject 111ms (cache miss)
54 silly packumentCache full:https://registry.npmjs.org/lodash.isplainobject set size:undefined disposed:false
55 silly placeDep ROOT jws@4.0.1 OK for: jsonwebtoken@9.0.3 want: ^4.0.1
56 silly placeDep ROOT lodash.includes@4.3.0 OK for: jsonwebtoken@9.0.3 want: ^4.3.0
57 silly placeDep ROOT lodash.isboolean@3.0.3 OK for: jsonwebtoken@9.0.3 want: ^3.0.3
58 silly placeDep ROOT lodash.isinteger@4.0.4 OK for: jsonwebtoken@9.0.3 want: ^4.0.4
59 silly placeDep ROOT lodash.isnumber@3.0.3 OK for: jsonwebtoken@9.0.3 want: ^3.0.3
60 silly placeDep ROOT lodash.isplainobject@4.0.6 OK for: jsonwebtoken@9.0.3 want: ^4.0.6
61 silly placeDep ROOT lodash.isstring@4.0.1 OK for: jsonwebtoken@9.0.3 want: ^4.0.1
62 silly placeDep ROOT lodash.once@4.1.1 OK for: jsonwebtoken@9.0.3 want: ^4.0.0
63 silly placeDep node_modules/jsonwebtoken ms@2.1.3 OK for: jsonwebtoken@9.0.3 want: ^2.1.1
64 silly fetch manifest jwa@^2.0.1
65 silly packumentCache full:https://registry.npmjs.org/jwa cache-miss
66 http fetch GET 200 https://registry.npmjs.org/jwa 100ms (cache miss)
67 silly packumentCache full:https://registry.npmjs.org/jwa set size:undefined disposed:false
68 silly placeDep ROOT jwa@2.0.1 OK for: jws@4.0.1 want: ^2.0.1
69 silly fetch manifest ecdsa-sig-formatter@1.0.11
70 silly packumentCache full:https://registry.npmjs.org/ecdsa-sig-formatter cache-miss
71 silly fetch manifest buffer-equal-constant-time@^1.0.1
72 silly packumentCache full:https://registry.npmjs.org/buffer-equal-constant-time cache-miss
73 http fetch GET 200 https://registry.npmjs.org/buffer-equal-constant-time 67ms (cache miss)
74 silly packumentCache full:https://registry.npmjs.org/buffer-equal-constant-time set size:undefined disposed:false
75 http fetch GET 200 https://registry.npmjs.org/ecdsa-sig-formatter 106ms (cache miss)
76 silly packumentCache full:https://registry.npmjs.org/ecdsa-sig-formatter set size:undefined disposed:false
77 silly placeDep ROOT buffer-equal-constant-time@1.0.1 OK for: jwa@2.0.1 want: ^1.0.1
78 silly placeDep ROOT ecdsa-sig-formatter@1.0.11 OK for: jwa@2.0.1 want: 1.0.11
79 silly reify moves {}
80 silly audit bulk request {
80 silly audit   '@types/node': [ '25.9.1' ],
80 silly audit   accepts: [ '1.3.8' ],
80 silly audit   anymatch: [ '3.1.3' ],
80 silly audit   'array-flatten': [ '1.1.1' ],
80 silly audit   'aws-ssl-profiles': [ '1.1.2' ],
80 silly audit   'balanced-match': [ '4.0.4' ],
80 silly audit   bcrypt: [ '6.0.0' ],
80 silly audit   'binary-extensions': [ '2.3.0' ],
80 silly audit   'body-parser': [ '1.20.5' ],
80 silly audit   'iconv-lite': [ '0.4.24', '0.7.2' ],
80 silly audit   'brace-expansion': [ '5.0.6' ],
80 silly audit   braces: [ '3.0.3' ],
80 silly audit   bytes: [ '3.1.2' ],
80 silly audit   'call-bind-apply-helpers': [ '1.0.2' ],
80 silly audit   'call-bound': [ '1.0.4' ],
80 silly audit   chokidar: [ '3.6.0' ],
80 silly audit   'content-disposition': [ '0.5.4' ],
80 silly audit   'content-type': [ '1.0.5' ],
80 silly audit   cookie: [ '0.7.2' ],
80 silly audit   'cookie-signature': [ '1.0.7' ],
80 silly audit   cors: [ '2.8.6' ],
80 silly audit   debug: [ '2.6.9', '4.4.3' ],
80 silly audit   denque: [ '2.1.0' ],
80 silly audit   depd: [ '2.0.0' ],
80 silly audit   destroy: [ '1.2.0' ],
80 silly audit   dotenv: [ '16.6.1' ],
80 silly audit   'dunder-proto': [ '1.0.1' ],
80 silly audit   'ee-first': [ '1.1.1' ],
80 silly audit   encodeurl: [ '2.0.0' ],
80 silly audit   'es-define-property': [ '1.0.1' ],
80 silly audit   'es-errors': [ '1.3.0' ],
80 silly audit   'es-object-atoms': [ '1.1.2' ],
80 silly audit   'escape-html': [ '1.0.3' ],
80 silly audit   etag: [ '1.8.1' ],
80 silly audit   express: [ '4.22.2' ],
80 silly audit   'fill-range': [ '7.1.1' ],
80 silly audit   finalhandler: [ '1.3.2' ],
80 silly audit   forwarded: [ '0.2.0' ],
80 silly audit   fresh: [ '0.5.2' ],
80 silly audit   fsevents: [ '2.3.3' ],
80 silly audit   'function-bind': [ '1.1.2' ],
80 silly audit   'generate-function': [ '2.3.1' ],
80 silly audit   'get-intrinsic': [ '1.3.0' ],
80 silly audit   'get-proto': [ '1.0.1' ],
80 silly audit   'glob-parent': [ '5.1.2' ],
80 silly audit   gopd: [ '1.2.0' ],
80 silly audit   'has-flag': [ '3.0.0' ],
80 silly audit   'has-symbols': [ '1.1.0' ],
80 silly audit   hasown: [ '2.0.4' ],
80 silly audit   'http-errors': [ '2.0.1' ],
80 silly audit   'ignore-by-default': [ '1.0.1' ],
80 silly audit   inherits: [ '2.0.4' ],
80 silly audit   'ipaddr.js': [ '1.9.1' ],
80 silly audit   'is-binary-path': [ '2.1.0' ],
80 silly audit   'is-extglob': [ '2.1.1' ],
80 silly audit   'is-glob': [ '4.0.3' ],
80 silly audit   'is-number': [ '7.0.0' ],
80 silly audit   'is-property': [ '1.0.2' ],
80 silly audit   long: [ '5.3.2' ],
80 silly audit   'lru.min': [ '1.1.4' ],
80 silly audit   'math-intrinsics': [ '1.1.0' ],
80 silly audit   'media-typer': [ '0.3.0' ],
80 silly audit   'merge-descriptors': [ '1.0.3' ],
80 silly audit   methods: [ '1.1.2' ],
80 silly audit   mime: [ '1.6.0' ],
80 silly audit   'mime-db': [ '1.52.0' ],
80 silly audit   'mime-types': [ '2.1.35' ],
80 silly audit   minimatch: [ '10.2.5' ],
80 silly audit   ms: [ '2.0.0', '2.1.3' ],
80 silly audit   mysql2: [ '3.22.4' ],
80 silly audit   'named-placeholders': [ '1.1.6' ],
80 silly audit   negotiator: [ '0.6.3' ],
80 silly audit   'node-addon-api': [ '8.8.0' ],
80 silly audit   'node-gyp-build': [ '4.8.4' ],
80 silly audit   nodemon: [ '3.1.14' ],
80 silly audit   'normalize-path': [ '3.0.0' ],
80 silly audit   'object-assign': [ '4.1.1' ],
80 silly audit   'object-inspect': [ '1.13.4' ],
80 silly audit   'on-finished': [ '2.4.1' ],
80 silly audit   parseurl: [ '1.3.3' ],
80 silly audit   'path-to-regexp': [ '0.1.13' ],
80 silly audit   picomatch: [ '2.3.2' ],
80 silly audit   'proxy-addr': [ '2.0.7' ],
80 silly audit   'pstree.remy': [ '1.1.8' ],
80 silly audit   qs: [ '6.15.2' ],
80 silly audit   'range-parser': [ '1.2.1' ],
80 silly audit   'raw-body': [ '2.5.3' ],
80 silly audit   readdirp: [ '3.6.0' ],
80 silly audit   'safe-buffer': [ '5.2.1' ],
80 silly audit   'safer-buffer': [ '2.1.2' ],
80 silly audit   semver: [ '7.8.1' ],
80 silly audit   send: [ '0.19.2' ],
80 silly audit   'serve-static': [ '1.16.3' ],
80 silly audit   setprototypeof: [ '1.2.0' ],
80 silly audit   'side-channel': [ '1.1.0' ],
80 silly audit   'side-channel-list': [ '1.0.1' ],
80 silly audit   'side-channel-map': [ '1.0.1' ],
80 silly audit   'side-channel-weakmap': [ '1.0.2' ],
80 silly audit   'simple-update-notifier': [ '2.0.0' ],
80 silly audit   'sql-escaper': [ '1.3.3' ],
80 silly audit   statuses: [ '2.0.2' ],
80 silly audit   'supports-color': [ '5.5.0' ],
80 silly audit   'to-regex-range': [ '5.0.1' ],
80 silly audit   toidentifier: [ '1.0.1' ],
80 silly audit   touch: [ '3.1.1' ],
80 silly audit   'type-is': [ '1.6.18' ],
80 silly audit   undefsafe: [ '2.0.5' ],
80 silly audit   'undici-types': [ '7.24.6' ],
80 silly audit   unpipe: [ '1.0.0' ],
80 silly audit   'utils-merge': [ '1.0.1' ],
80 silly audit   vary: [ '1.1.2' ],
80 silly audit   jsonwebtoken: [ '9.0.3' ],
80 silly audit   jws: [ '4.0.1' ],
80 silly audit   'lodash.includes': [ '4.3.0' ],
80 silly audit   'lodash.isboolean': [ '3.0.3' ],
80 silly audit   'lodash.isinteger': [ '4.0.4' ],
80 silly audit   'lodash.isnumber': [ '3.0.3' ],
80 silly audit   'lodash.isplainobject': [ '4.0.6' ],
80 silly audit   'lodash.isstring': [ '4.0.1' ],
80 silly audit   'lodash.once': [ '4.1.1' ],
80 silly audit   jwa: [ '2.0.1' ],
80 silly audit   'buffer-equal-constant-time': [ '1.0.1' ],
80 silly audit   'ecdsa-sig-formatter': [ '1.0.11' ]
80 silly audit }
81 http cache ecdsa-sig-formatter@https://registry.npmjs.org/ecdsa-sig-formatter/-/ecdsa-sig-formatter-1.0.11.tgz 0ms (cache hit)
82 http cache buffer-equal-constant-time@https://registry.npmjs.org/buffer-equal-constant-time/-/buffer-equal-constant-time-1.0.1.tgz 0ms (cache hit)
83 http cache jwa@https://registry.npmjs.org/jwa/-/jwa-2.0.1.tgz 0ms (cache hit)
84 http cache lodash.isstring@https://registry.npmjs.org/lodash.isstring/-/lodash.isstring-4.0.1.tgz 0ms (cache hit)
85 http cache lodash.once@https://registry.npmjs.org/lodash.once/-/lodash.once-4.1.1.tgz 0ms (cache hit)
86 http cache lodash.isplainobject@https://registry.npmjs.org/lodash.isplainobject/-/lodash.isplainobject-4.0.6.tgz 0ms (cache hit)
87 http cache lodash.isnumber@https://registry.npmjs.org/lodash.isnumber/-/lodash.isnumber-3.0.3.tgz 0ms (cache hit)
88 http cache lodash.isinteger@https://registry.npmjs.org/lodash.isinteger/-/lodash.isinteger-4.0.4.tgz 0ms (cache hit)
89 http cache ms@https://registry.npmjs.org/ms/-/ms-2.1.3.tgz 0ms (cache hit)
90 http cache lodash.isboolean@https://registry.npmjs.org/lodash.isboolean/-/lodash.isboolean-3.0.3.tgz 0ms (cache hit)
91 http cache lodash.includes@https://registry.npmjs.org/lodash.includes/-/lodash.includes-4.3.0.tgz 0ms (cache hit)
92 http cache jws@https://registry.npmjs.org/jws/-/jws-4.0.1.tgz 0ms (cache hit)
93 http cache jsonwebtoken@https://registry.npmjs.org/jsonwebtoken/-/jsonwebtoken-9.0.3.tgz 0ms (cache hit)
94 silly tarball no local data for ecdsa-sig-formatter@https://registry.npmjs.org/ecdsa-sig-formatter/-/ecdsa-sig-formatter-1.0.11.tgz. Extracting by manifest.
95 silly tarball no local data for buffer-equal-constant-time@https://registry.npmjs.org/buffer-equal-constant-time/-/buffer-equal-constant-time-1.0.1.tgz. Extracting by manifest.
96 silly tarball no local data for jwa@https://registry.npmjs.org/jwa/-/jwa-2.0.1.tgz. Extracting by manifest.
97 silly tarball no local data for lodash.isstring@https://registry.npmjs.org/lodash.isstring/-/lodash.isstring-4.0.1.tgz. Extracting by manifest.
98 silly tarball no local data for lodash.once@https://registry.npmjs.org/lodash.once/-/lodash.once-4.1.1.tgz. Extracting by manifest.
99 silly tarball no local data for lodash.isplainobject@https://registry.npmjs.org/lodash.isplainobject/-/lodash.isplainobject-4.0.6.tgz. Extracting by manifest.
100 silly tarball no local data for lodash.isnumber@https://registry.npmjs.org/lodash.isnumber/-/lodash.isnumber-3.0.3.tgz. Extracting by manifest.
101 silly tarball no local data for lodash.isinteger@https://registry.npmjs.org/lodash.isinteger/-/lodash.isinteger-4.0.4.tgz. Extracting by manifest.
102 silly tarball no local data for lodash.isboolean@https://registry.npmjs.org/lodash.isboolean/-/lodash.isboolean-3.0.3.tgz. Extracting by manifest.
103 silly tarball no local data for lodash.includes@https://registry.npmjs.org/lodash.includes/-/lodash.includes-4.3.0.tgz. Extracting by manifest.
104 silly tarball no local data for jws@https://registry.npmjs.org/jws/-/jws-4.0.1.tgz. Extracting by manifest.
105 silly tarball no local data for jsonwebtoken@https://registry.npmjs.org/jsonwebtoken/-/jsonwebtoken-9.0.3.tgz. Extracting by manifest.
106 http fetch GET 200 https://registry.npmjs.org/buffer-equal-constant-time/-/buffer-equal-constant-time-1.0.1.tgz 150ms (cache miss)
107 http fetch GET 200 https://registry.npmjs.org/ecdsa-sig-formatter/-/ecdsa-sig-formatter-1.0.11.tgz 157ms (cache miss)
108 http fetch POST 200 https://registry.npmjs.org/-/npm/v1/security/advisories/bulk 242ms
109 silly audit report {}
110 http fetch GET 200 https://registry.npmjs.org/jwa/-/jwa-2.0.1.tgz 501ms (cache miss)
111 http fetch GET 200 https://registry.npmjs.org/lodash.once/-/lodash.once-4.1.1.tgz 523ms (cache miss)
112 http fetch GET 200 https://registry.npmjs.org/lodash.isstring/-/lodash.isstring-4.0.1.tgz 528ms (cache miss)
113 http fetch GET 200 https://registry.npmjs.org/lodash.isplainobject/-/lodash.isplainobject-4.0.6.tgz 537ms (cache miss)
114 http fetch GET 200 https://registry.npmjs.org/lodash.isnumber/-/lodash.isnumber-3.0.3.tgz 561ms (cache miss)
115 http fetch GET 200 https://registry.npmjs.org/lodash.isboolean/-/lodash.isboolean-3.0.3.tgz 561ms (cache miss)
116 http fetch GET 200 https://registry.npmjs.org/lodash.includes/-/lodash.includes-4.3.0.tgz 580ms (cache miss)
117 http fetch GET 200 https://registry.npmjs.org/jws/-/jws-4.0.1.tgz 615ms (cache miss)
118 http fetch GET 200 https://registry.npmjs.org/jsonwebtoken/-/jsonwebtoken-9.0.3.tgz 680ms (cache miss)
119 http fetch GET 200 https://registry.npmjs.org/lodash.isinteger/-/lodash.isinteger-4.0.4.tgz 701ms (cache miss)
120 silly ADD node_modules/ecdsa-sig-formatter
121 silly ADD node_modules/buffer-equal-constant-time
122 silly ADD node_modules/jwa
123 silly ADD node_modules/lodash.once
124 silly ADD node_modules/lodash.isstring
125 silly ADD node_modules/lodash.isplainobject
126 silly ADD node_modules/lodash.isnumber
127 silly ADD node_modules/lodash.isinteger
128 silly ADD node_modules/lodash.isboolean
129 silly ADD node_modules/lodash.includes
130 silly ADD node_modules/jws
131 silly ADD node_modules/jsonwebtoken
132 silly ADD node_modules/jsonwebtoken/node_modules/ms
133 verbose cwd D:\Proyectos\MedLy\backend
134 verbose os Windows_NT 10.0.26200
135 verbose node v22.20.0
136 verbose npm  v11.8.0
137 verbose exit 0
138 info ok
