0 verbose cli C:\nvm4w\nodejs\node.exe D:\npm-global\node_modules\npm\bin\npm-cli.js
1 info using npm@11.8.0
2 info using node@v22.20.0
3 silly config load:file:D:\npm-global\node_modules\npm\npmrc
4 silly config load:file:D:\Proyectos\MedLy\.npmrc
5 silly config load:file:C:\Users\aryed\.npmrc
6 silly config load:file:D:\npm-global\etc\npmrc
7 verbose title npm init
8 verbose argv "init" "--yes"
9 verbose logfile logs-max:10 dir:D:\Proyectos\MedLy\backend\npm-cache\_logs\2026-06-02T22_37_27_626Z-
10 verbose logfile D:\Proyectos\MedLy\backend\npm-cache\_logs\2026-06-02T22_37_27_626Z-debug-0.log
11 silly logfile done cleaning log files
12 silly package data {
12 silly package data   name: 'backend',
12 silly package data   version: '1.0.0',
12 silly package data   description: '',
12 silly package data   main: 'index.js',
12 silly package data   scripts: { test: 'echo "Error: no test specified" && exit 1' },
12 silly package data   keywords: [],
12 silly package data   author: '',
12 silly package data   license: 'ISC',
12 silly package data   type: 'commonjs'
12 silly package data }
13 verbose cwd D:\Proyectos\MedLy\backend
14 verbose os Windows_NT 10.0.26200
15 verbose node v22.20.0
16 verbose npm  v11.8.0
17 verbose exit 0
18 info ok
