0 verbose cli C:\nvm4w\nodejs\node.exe D:\npm-global\node_modules\npm\bin\npm-cli.js
1 info using npm@11.8.0
2 info using node@v22.20.0
3 silly config load:file:D:\npm-global\node_modules\npm\npmrc
4 silly config load:file:D:\Proyectos\MedLy\backend\.npmrc
5 silly config load:file:C:\Users\aryed\.npmrc
6 silly config load:file:D:\npm-global\etc\npmrc
7 verbose title npm install express mysql2 cors dotenv
8 verbose argv "install" "express" "mysql2" "cors" "dotenv"
9 verbose logfile logs-max:10 dir:D:\Proyectos\MedLy\backend\npm-cache\_logs\2026-06-02T22_37_52_583Z-
10 verbose logfile D:\Proyectos\MedLy\backend\npm-cache\_logs\2026-06-02T22_37_52_583Z-debug-0.log
11 silly logfile done cleaning log files
12 silly packumentCache heap:2197815296 maxSize:549453824 maxEntrySize:274726912
13 silly idealTree buildDeps
14 silly fetch manifest express@*
15 silly packumentCache full:https://registry.npmjs.org/express cache-miss
16 http fetch GET 200 https://registry.npmjs.org/express 397ms (cache miss)
17 silly packumentCache full:https://registry.npmjs.org/express set size:undefined disposed:false
18 silly fetch manifest mysql2@*
19 silly packumentCache full:https://registry.npmjs.org/mysql2 cache-miss
20 http fetch GET 200 https://registry.npmjs.org/mysql2 455ms (cache miss)
21 silly packumentCache full:https://registry.npmjs.org/mysql2 set size:undefined disposed:false
22 silly fetch manifest @types/node@>= 8
23 silly packumentCache full:https://registry.npmjs.org/@types%2fnode cache-miss
24 http fetch GET 200 https://registry.npmjs.org/@types%2fnode 2660ms (cache miss)
25 silly packumentCache full:https://registry.npmjs.org/@types%2fnode set size:undefined disposed:false
26 silly fetch manifest cors@*
27 silly packumentCache full:https://registry.npmjs.org/cors cache-miss
28 http fetch GET 200 https://registry.npmjs.org/cors 148ms (cache miss)
29 silly packumentCache full:https://registry.npmjs.org/cors set size:undefined disposed:false
30 silly fetch manifest dotenv@*
31 silly packumentCache full:https://registry.npmjs.org/dotenv cache-miss
32 http fetch GET 200 https://registry.npmjs.org/dotenv 348ms (cache miss)
33 silly packumentCache full:https://registry.npmjs.org/dotenv set size:undefined disposed:false
34 silly placeDep ROOT cors@2.8.6 OK for: backend@1.0.0 want: *
35 silly placeDep ROOT dotenv@17.4.2 OK for: backend@1.0.0 want: *
36 silly placeDep ROOT express@5.2.1 OK for: backend@1.0.0 want: *
37 silly placeDep ROOT mysql2@3.22.4 OK for: backend@1.0.0 want: *
38 silly placeDep ROOT @types/node@25.9.1 OK for: mysql2@3.22.4 want: >= 8
39 silly fetch manifest object-assign@^4
40 silly packumentCache full:https://registry.npmjs.org/object-assign cache-miss
41 silly fetch manifest vary@^1
42 silly packumentCache full:https://registry.npmjs.org/vary cache-miss
43 silly fetch manifest qs@^6.14.0
44 silly packumentCache full:https://registry.npmjs.org/qs cache-miss
45 http fetch GET 200 https://registry.npmjs.org/object-assign 110ms (cache miss)
46 silly packumentCache full:https://registry.npmjs.org/object-assign set size:undefined disposed:false
47 silly fetch manifest depd@^2.0.0
48 silly packumentCache full:https://registry.npmjs.org/depd cache-miss
49 http fetch GET 200 https://registry.npmjs.org/depd 155ms (cache miss)
50 silly packumentCache full:https://registry.npmjs.org/depd set size:undefined disposed:false
51 silly fetch manifest etag@^1.8.1
52 silly packumentCache full:https://registry.npmjs.org/etag cache-miss
53 http fetch GET 200 https://registry.npmjs.org/vary 291ms (cache miss)
54 silly packumentCache full:https://registry.npmjs.org/vary set size:undefined disposed:false
55 silly fetch manifest once@^1.4.0
56 silly packumentCache full:https://registry.npmjs.org/once cache-miss
57 http fetch GET 200 https://registry.npmjs.org/etag 243ms (cache miss)
58 silly packumentCache full:https://registry.npmjs.org/etag set size:undefined disposed:false
59 silly fetch manifest send@^1.1.0
60 silly packumentCache full:https://registry.npmjs.org/send cache-miss
61 http fetch GET 200 https://registry.npmjs.org/once 264ms (cache miss)
62 silly packumentCache full:https://registry.npmjs.org/once set size:undefined disposed:false
63 silly fetch manifest vary@^1.1.2
64 silly packumentCache full:https://registry.npmjs.org/vary cache-miss
65 http cache https://registry.npmjs.org/vary 10ms (cache hit)
66 silly packumentCache full:https://registry.npmjs.org/vary set size:15994 disposed:false
67 silly fetch manifest debug@^4.4.0
68 silly packumentCache full:https://registry.npmjs.org/debug cache-miss
69 http fetch GET 200 https://registry.npmjs.org/qs 617ms (cache miss)
70 silly packumentCache full:https://registry.npmjs.org/qs set size:undefined disposed:false
71 silly fetch manifest fresh@^2.0.0
72 silly packumentCache full:https://registry.npmjs.org/fresh cache-miss
73 http fetch GET 200 https://registry.npmjs.org/send 128ms (cache miss)
74 silly packumentCache full:https://registry.npmjs.org/send set size:undefined disposed:false
75 silly fetch manifest cookie@^0.7.1
76 silly packumentCache full:https://registry.npmjs.org/cookie cache-miss
77 http fetch GET 200 https://registry.npmjs.org/debug 179ms (cache miss)
78 silly packumentCache full:https://registry.npmjs.org/debug set size:undefined disposed:false
79 silly fetch manifest router@^2.2.0
80 silly packumentCache full:https://registry.npmjs.org/router cache-miss
81 http fetch GET 200 https://registry.npmjs.org/fresh 147ms (cache miss)
82 silly packumentCache full:https://registry.npmjs.org/fresh set size:undefined disposed:false
83 silly fetch manifest accepts@^2.0.0
84 silly packumentCache full:https://registry.npmjs.org/accepts cache-miss
85 http fetch GET 200 https://registry.npmjs.org/cookie 172ms (cache miss)
86 silly packumentCache full:https://registry.npmjs.org/cookie set size:undefined disposed:false
87 silly fetch manifest type-is@^2.0.1
88 silly packumentCache full:https://registry.npmjs.org/type-is cache-miss
89 http fetch GET 200 https://registry.npmjs.org/router 170ms (cache miss)
90 silly packumentCache full:https://registry.npmjs.org/router set size:undefined disposed:false
91 silly fetch manifest parseurl@^1.3.3
92 silly packumentCache full:https://registry.npmjs.org/parseurl cache-miss
93 http fetch GET 200 https://registry.npmjs.org/accepts 174ms (cache miss)
94 silly packumentCache full:https://registry.npmjs.org/accepts set size:undefined disposed:false
95 silly fetch manifest statuses@^2.0.1
96 silly packumentCache full:https://registry.npmjs.org/statuses cache-miss
97 http fetch GET 200 https://registry.npmjs.org/type-is 207ms (cache miss)
98 silly packumentCache full:https://registry.npmjs.org/type-is set size:undefined disposed:false
99 silly fetch manifest encodeurl@^2.0.0
100 silly packumentCache full:https://registry.npmjs.org/encodeurl cache-miss
101 http fetch GET 200 https://registry.npmjs.org/parseurl 124ms (cache miss)
102 silly packumentCache full:https://registry.npmjs.org/parseurl set size:undefined disposed:false
103 silly fetch manifest mime-types@^3.0.0
104 silly packumentCache full:https://registry.npmjs.org/mime-types cache-miss
105 http fetch GET 200 https://registry.npmjs.org/statuses 237ms (cache miss)
106 silly packumentCache full:https://registry.npmjs.org/statuses set size:undefined disposed:false
107 silly fetch manifest proxy-addr@^2.0.7
108 silly packumentCache full:https://registry.npmjs.org/proxy-addr cache-miss
109 http fetch GET 200 https://registry.npmjs.org/encodeurl 173ms (cache miss)
110 silly packumentCache full:https://registry.npmjs.org/encodeurl set size:undefined disposed:false
111 silly fetch manifest body-parser@^2.2.1
112 silly packumentCache full:https://registry.npmjs.org/body-parser cache-miss
113 http fetch GET 200 https://registry.npmjs.org/mime-types 231ms (cache miss)
114 silly packumentCache full:https://registry.npmjs.org/mime-types set size:undefined disposed:false
115 silly fetch manifest escape-html@^1.0.3
116 silly packumentCache full:https://registry.npmjs.org/escape-html cache-miss
117 http fetch GET 200 https://registry.npmjs.org/proxy-addr 117ms (cache miss)
118 silly packumentCache full:https://registry.npmjs.org/proxy-addr set size:undefined disposed:false
119 silly fetch manifest http-errors@^2.0.0
120 silly packumentCache full:https://registry.npmjs.org/http-errors cache-miss
121 http fetch GET 200 https://registry.npmjs.org/body-parser 208ms (cache miss)
122 silly packumentCache full:https://registry.npmjs.org/body-parser set size:undefined disposed:false
123 silly fetch manifest on-finished@^2.4.1
124 silly packumentCache full:https://registry.npmjs.org/on-finished cache-miss
125 http fetch GET 200 https://registry.npmjs.org/escape-html 156ms (cache miss)
126 silly packumentCache full:https://registry.npmjs.org/escape-html set size:undefined disposed:false
127 silly fetch manifest content-type@^1.0.5
128 silly packumentCache full:https://registry.npmjs.org/content-type cache-miss
129 http fetch GET 200 https://registry.npmjs.org/http-errors 253ms (cache miss)
130 silly packumentCache full:https://registry.npmjs.org/http-errors set size:undefined disposed:false
131 silly fetch manifest finalhandler@^2.1.0
132 silly packumentCache full:https://registry.npmjs.org/finalhandler cache-miss
133 http fetch GET 200 https://registry.npmjs.org/on-finished 191ms (cache miss)
134 silly packumentCache full:https://registry.npmjs.org/on-finished set size:undefined disposed:false
135 silly fetch manifest range-parser@^1.2.1
136 silly packumentCache full:https://registry.npmjs.org/range-parser cache-miss
137 http fetch GET 200 https://registry.npmjs.org/content-type 197ms (cache miss)
138 silly packumentCache full:https://registry.npmjs.org/content-type set size:undefined disposed:false
139 silly fetch manifest serve-static@^2.2.0
140 silly packumentCache full:https://registry.npmjs.org/serve-static cache-miss
141 http fetch GET 200 https://registry.npmjs.org/finalhandler 135ms (cache miss)
142 silly packumentCache full:https://registry.npmjs.org/finalhandler set size:undefined disposed:false
143 silly fetch manifest cookie-signature@^1.2.1
144 silly packumentCache full:https://registry.npmjs.org/cookie-signature cache-miss
145 http fetch GET 200 https://registry.npmjs.org/range-parser 82ms (cache miss)
146 silly packumentCache full:https://registry.npmjs.org/range-parser set size:undefined disposed:false
147 silly fetch manifest merge-descriptors@^2.0.0
148 silly packumentCache full:https://registry.npmjs.org/merge-descriptors cache-miss
149 http fetch GET 200 https://registry.npmjs.org/serve-static 146ms (cache miss)
150 silly packumentCache full:https://registry.npmjs.org/serve-static set size:undefined disposed:false
151 silly fetch manifest content-disposition@^1.0.0
152 silly packumentCache full:https://registry.npmjs.org/content-disposition cache-miss
153 http fetch GET 200 https://registry.npmjs.org/cookie-signature 190ms (cache miss)
154 silly packumentCache full:https://registry.npmjs.org/cookie-signature set size:undefined disposed:false
155 silly fetch manifest aws-ssl-profiles@^1.1.2
156 silly packumentCache full:https://registry.npmjs.org/aws-ssl-profiles cache-miss
157 http fetch GET 200 https://registry.npmjs.org/merge-descriptors 205ms (cache miss)
158 silly packumentCache full:https://registry.npmjs.org/merge-descriptors set size:undefined disposed:false
159 silly fetch manifest denque@^2.1.0
160 silly packumentCache full:https://registry.npmjs.org/denque cache-miss
161 http fetch GET 200 https://registry.npmjs.org/content-disposition 210ms (cache miss)
162 silly packumentCache full:https://registry.npmjs.org/content-disposition set size:undefined disposed:false
163 silly fetch manifest generate-function@^2.3.1
164 silly packumentCache full:https://registry.npmjs.org/generate-function cache-miss
165 http fetch GET 200 https://registry.npmjs.org/denque 118ms (cache miss)
166 silly packumentCache full:https://registry.npmjs.org/denque set size:undefined disposed:false
167 silly fetch manifest iconv-lite@^0.7.2
168 silly packumentCache full:https://registry.npmjs.org/iconv-lite cache-miss
169 http fetch GET 200 https://registry.npmjs.org/aws-ssl-profiles 166ms (cache miss)
170 silly packumentCache full:https://registry.npmjs.org/aws-ssl-profiles set size:undefined disposed:false
171 silly fetch manifest long@^5.3.2
172 silly packumentCache full:https://registry.npmjs.org/long cache-miss
173 http fetch GET 200 https://registry.npmjs.org/iconv-lite 304ms (cache miss)
174 silly packumentCache full:https://registry.npmjs.org/iconv-lite set size:undefined disposed:false
175 silly fetch manifest lru.min@^1.1.4
176 silly packumentCache full:https://registry.npmjs.org/lru.min cache-miss
177 http fetch GET 200 https://registry.npmjs.org/long 302ms (cache miss)
178 silly packumentCache full:https://registry.npmjs.org/long set size:undefined disposed:false
179 silly fetch manifest named-placeholders@^1.1.6
180 silly packumentCache full:https://registry.npmjs.org/named-placeholders cache-miss
181 http fetch GET 200 https://registry.npmjs.org/generate-function 426ms (cache miss)
182 silly packumentCache full:https://registry.npmjs.org/generate-function set size:undefined disposed:false
183 silly fetch manifest sql-escaper@^1.3.3
184 silly packumentCache full:https://registry.npmjs.org/sql-escaper cache-miss
185 http fetch GET 200 https://registry.npmjs.org/named-placeholders 124ms (cache miss)
186 silly packumentCache full:https://registry.npmjs.org/named-placeholders set size:undefined disposed:false
187 silly fetch manifest undici-types@>=7.24.0 <7.24.7
188 silly packumentCache full:https://registry.npmjs.org/undici-types cache-miss
189 http fetch GET 200 https://registry.npmjs.org/undici-types 142ms (cache miss)
190 silly packumentCache full:https://registry.npmjs.org/undici-types set size:undefined disposed:false
191 http fetch GET 200 https://registry.npmjs.org/sql-escaper 263ms (cache miss)
192 silly packumentCache full:https://registry.npmjs.org/sql-escaper set size:undefined disposed:false
193 http fetch GET 200 https://registry.npmjs.org/lru.min 395ms (cache miss)
194 silly packumentCache full:https://registry.npmjs.org/lru.min set size:undefined disposed:false
195 silly placeDep ROOT undici-types@7.24.6 OK for: @types/node@25.9.1 want: >=7.24.0 <7.24.7
196 silly placeDep ROOT object-assign@4.1.1 OK for: cors@2.8.6 want: ^4
197 silly placeDep ROOT vary@1.1.2 OK for: cors@2.8.6 want: ^1
198 silly placeDep ROOT accepts@2.0.0 OK for: express@5.2.1 want: ^2.0.0
199 silly placeDep ROOT body-parser@2.2.2 OK for: express@5.2.1 want: ^2.2.1
200 silly placeDep ROOT content-disposition@1.1.0 OK for: express@5.2.1 want: ^1.0.0
201 silly placeDep ROOT content-type@1.0.5 OK for: express@5.2.1 want: ^1.0.5
202 silly placeDep ROOT cookie@0.7.2 OK for: express@5.2.1 want: ^0.7.1
203 silly placeDep ROOT cookie-signature@1.2.2 OK for: express@5.2.1 want: ^1.2.1
204 silly placeDep ROOT debug@4.4.3 OK for: express@5.2.1 want: ^4.4.0
205 silly placeDep ROOT depd@2.0.0 OK for: express@5.2.1 want: ^2.0.0
206 silly placeDep ROOT encodeurl@2.0.0 OK for: express@5.2.1 want: ^2.0.0
207 silly placeDep ROOT escape-html@1.0.3 OK for: express@5.2.1 want: ^1.0.3
208 silly placeDep ROOT etag@1.8.1 OK for: express@5.2.1 want: ^1.8.1
209 silly placeDep ROOT finalhandler@2.1.1 OK for: express@5.2.1 want: ^2.1.0
210 silly placeDep ROOT fresh@2.0.0 OK for: express@5.2.1 want: ^2.0.0
211 silly placeDep ROOT http-errors@2.0.1 OK for: express@5.2.1 want: ^2.0.0
212 silly placeDep ROOT merge-descriptors@2.0.0 OK for: express@5.2.1 want: ^2.0.0
213 silly placeDep ROOT mime-types@3.0.2 OK for: express@5.2.1 want: ^3.0.0
214 silly placeDep ROOT on-finished@2.4.1 OK for: express@5.2.1 want: ^2.4.1
215 silly placeDep ROOT once@1.4.0 OK for: express@5.2.1 want: ^1.4.0
216 silly placeDep ROOT parseurl@1.3.3 OK for: express@5.2.1 want: ^1.3.3
217 silly placeDep ROOT proxy-addr@2.0.7 OK for: express@5.2.1 want: ^2.0.7
218 silly placeDep ROOT qs@6.15.2 OK for: express@5.2.1 want: ^6.14.0
219 silly placeDep ROOT range-parser@1.2.1 OK for: express@5.2.1 want: ^1.2.1
220 silly placeDep ROOT router@2.2.0 OK for: express@5.2.1 want: ^2.2.0
221 silly placeDep ROOT send@1.2.1 OK for: express@5.2.1 want: ^1.1.0
222 silly placeDep ROOT serve-static@2.2.1 OK for: express@5.2.1 want: ^2.2.0
223 silly placeDep ROOT statuses@2.0.2 OK for: express@5.2.1 want: ^2.0.1
224 silly placeDep ROOT type-is@2.1.0 OK for: express@5.2.1 want: ^2.0.1
225 silly fetch manifest negotiator@^1.0.0
226 silly packumentCache full:https://registry.npmjs.org/negotiator cache-miss
227 silly fetch manifest qs@^6.14.1
228 silly packumentCache full:https://registry.npmjs.org/qs cache-miss
229 silly fetch manifest bytes@^3.1.2
230 silly packumentCache full:https://registry.npmjs.org/bytes cache-miss
231 http cache https://registry.npmjs.org/qs 8ms (cache hit)
232 silly packumentCache full:https://registry.npmjs.org/qs set size:356906 disposed:false
233 silly fetch manifest debug@^4.4.3
234 silly packumentCache full:https://registry.npmjs.org/debug cache-miss
235 http cache https://registry.npmjs.org/debug 3ms (cache hit)
236 silly packumentCache full:https://registry.npmjs.org/debug set size:195840 disposed:false
237 silly fetch manifest raw-body@^3.0.1
238 silly packumentCache full:https://registry.npmjs.org/raw-body cache-miss
239 http fetch GET 200 https://registry.npmjs.org/bytes 110ms (cache miss)
240 silly packumentCache full:https://registry.npmjs.org/bytes set size:undefined disposed:false
241 silly fetch manifest iconv-lite@^0.7.0
242 silly packumentCache full:https://registry.npmjs.org/iconv-lite cache-miss
243 http cache https://registry.npmjs.org/iconv-lite 5ms (cache hit)
244 silly packumentCache full:https://registry.npmjs.org/iconv-lite set size:120557 disposed:false
245 silly fetch manifest ms@^2.1.3
246 silly packumentCache full:https://registry.npmjs.org/ms cache-miss
247 http fetch GET 200 https://registry.npmjs.org/negotiator 159ms (cache miss)
248 silly packumentCache full:https://registry.npmjs.org/negotiator set size:undefined disposed:false
249 silly fetch manifest inherits@~2.0.4
250 silly packumentCache full:https://registry.npmjs.org/inherits cache-miss
251 http fetch GET 200 https://registry.npmjs.org/raw-body 195ms (cache miss)
252 silly packumentCache full:https://registry.npmjs.org/raw-body set size:undefined disposed:false
253 silly fetch manifest setprototypeof@~1.2.0
254 silly packumentCache full:https://registry.npmjs.org/setprototypeof cache-miss
255 http fetch GET 200 https://registry.npmjs.org/ms 241ms (cache miss)
256 silly packumentCache full:https://registry.npmjs.org/ms set size:undefined disposed:false
257 silly fetch manifest statuses@~2.0.2
258 silly packumentCache full:https://registry.npmjs.org/statuses cache-miss
259 http cache https://registry.npmjs.org/statuses 13ms (cache hit)
260 silly packumentCache full:https://registry.npmjs.org/statuses set size:37117 disposed:false
261 silly fetch manifest toidentifier@~1.0.1
262 silly packumentCache full:https://registry.npmjs.org/toidentifier cache-miss
263 http fetch GET 200 https://registry.npmjs.org/inherits 285ms (cache miss)
264 silly packumentCache full:https://registry.npmjs.org/inherits set size:undefined disposed:false
265 silly fetch manifest mime-db@^1.54.0
266 silly packumentCache full:https://registry.npmjs.org/mime-db cache-miss
267 http fetch GET 200 https://registry.npmjs.org/setprototypeof 290ms (cache miss)
268 silly packumentCache full:https://registry.npmjs.org/setprototypeof set size:undefined disposed:false
269 silly fetch manifest ee-first@1.1.1
270 silly packumentCache full:https://registry.npmjs.org/ee-first cache-miss
271 http fetch GET 200 https://registry.npmjs.org/toidentifier 156ms (cache miss)
272 silly packumentCache full:https://registry.npmjs.org/toidentifier set size:undefined disposed:false
273 silly fetch manifest wrappy@1
274 silly packumentCache full:https://registry.npmjs.org/wrappy cache-miss
275 http fetch GET 200 https://registry.npmjs.org/mime-db 344ms (cache miss)
276 silly packumentCache full:https://registry.npmjs.org/mime-db set size:undefined disposed:false
277 silly fetch manifest forwarded@0.2.0
278 silly packumentCache full:https://registry.npmjs.org/forwarded cache-miss
279 http fetch GET 200 https://registry.npmjs.org/ee-first 356ms (cache miss)
280 silly packumentCache full:https://registry.npmjs.org/ee-first set size:undefined disposed:false
281 silly fetch manifest ipaddr.js@1.9.1
282 silly packumentCache full:https://registry.npmjs.org/ipaddr.js cache-miss
283 http fetch GET 200 https://registry.npmjs.org/wrappy 382ms (cache miss)
284 silly packumentCache full:https://registry.npmjs.org/wrappy set size:undefined disposed:false
285 silly fetch manifest side-channel@^1.1.0
286 silly packumentCache full:https://registry.npmjs.org/side-channel cache-miss
287 http fetch GET 200 https://registry.npmjs.org/forwarded 176ms (cache miss)
288 silly packumentCache full:https://registry.npmjs.org/forwarded set size:undefined disposed:false
289 silly fetch manifest is-promise@^4.0.0
290 silly packumentCache full:https://registry.npmjs.org/is-promise cache-miss
291 http fetch GET 200 https://registry.npmjs.org/ipaddr.js 209ms (cache miss)
292 silly packumentCache full:https://registry.npmjs.org/ipaddr.js set size:undefined disposed:false
293 silly fetch manifest path-to-regexp@^8.0.0
294 silly packumentCache full:https://registry.npmjs.org/path-to-regexp cache-miss
295 http fetch GET 200 https://registry.npmjs.org/side-channel 213ms (cache miss)
296 silly packumentCache full:https://registry.npmjs.org/side-channel set size:undefined disposed:false
297 silly fetch manifest statuses@^2.0.2
298 silly packumentCache full:https://registry.npmjs.org/statuses cache-hit
299 silly fetch manifest content-type@^2.0.0
300 silly packumentCache full:https://registry.npmjs.org/content-type cache-miss
301 http cache https://registry.npmjs.org/content-type 7ms (cache hit)
302 silly packumentCache full:https://registry.npmjs.org/content-type set size:18994 disposed:false
303 silly fetch manifest media-typer@^1.1.0
304 silly packumentCache full:https://registry.npmjs.org/media-typer cache-miss
305 http fetch GET 200 https://registry.npmjs.org/is-promise 184ms (cache miss)
306 silly packumentCache full:https://registry.npmjs.org/is-promise set size:undefined disposed:false
307 http fetch GET 200 https://registry.npmjs.org/path-to-regexp 210ms (cache miss)
308 silly packumentCache full:https://registry.npmjs.org/path-to-regexp set size:undefined disposed:false
309 http fetch GET 200 https://registry.npmjs.org/media-typer 197ms (cache miss)
310 silly packumentCache full:https://registry.npmjs.org/media-typer set size:undefined disposed:false
311 silly placeDep ROOT negotiator@1.0.0 OK for: accepts@2.0.0 want: ^1.0.0
312 silly placeDep ROOT bytes@3.1.2 OK for: body-parser@2.2.2 want: ^3.1.2
313 silly placeDep ROOT iconv-lite@0.7.2 OK for: body-parser@2.2.2 want: ^0.7.0
314 silly placeDep ROOT raw-body@3.0.2 OK for: body-parser@2.2.2 want: ^3.0.1
315 silly fetch manifest safer-buffer@>= 2.1.2 < 3.0.0
316 silly packumentCache full:https://registry.npmjs.org/safer-buffer cache-miss
317 silly fetch manifest unpipe@~1.0.0
318 silly packumentCache full:https://registry.npmjs.org/unpipe cache-miss
319 http fetch GET 200 https://registry.npmjs.org/safer-buffer 108ms (cache miss)
320 silly packumentCache full:https://registry.npmjs.org/safer-buffer set size:undefined disposed:false
321 http fetch GET 200 https://registry.npmjs.org/unpipe 118ms (cache miss)
322 silly packumentCache full:https://registry.npmjs.org/unpipe set size:undefined disposed:false
323 silly placeDep ROOT ms@2.1.3 OK for: debug@4.4.3 want: ^2.1.3
324 silly placeDep ROOT inherits@2.0.4 OK for: http-errors@2.0.1 want: ~2.0.4
325 silly placeDep ROOT setprototypeof@1.2.0 OK for: http-errors@2.0.1 want: ~1.2.0
326 silly placeDep ROOT toidentifier@1.0.1 OK for: http-errors@2.0.1 want: ~1.0.1
327 silly placeDep ROOT safer-buffer@2.1.2 OK for: iconv-lite@0.7.2 want: >= 2.1.2 < 3.0.0
328 silly placeDep ROOT mime-db@1.54.0 OK for: mime-types@3.0.2 want: ^1.54.0
329 silly placeDep ROOT aws-ssl-profiles@1.1.2 OK for: mysql2@3.22.4 want: ^1.1.2
330 silly placeDep ROOT denque@2.1.0 OK for: mysql2@3.22.4 want: ^2.1.0
331 silly placeDep ROOT generate-function@2.3.1 OK for: mysql2@3.22.4 want: ^2.3.1
332 silly placeDep ROOT long@5.3.2 OK for: mysql2@3.22.4 want: ^5.3.2
333 silly placeDep ROOT lru.min@1.1.4 OK for: mysql2@3.22.4 want: ^1.1.4
334 silly placeDep ROOT named-placeholders@1.1.6 OK for: mysql2@3.22.4 want: ^1.1.6
335 silly placeDep ROOT sql-escaper@1.3.3 OK for: mysql2@3.22.4 want: ^1.3.3
336 silly fetch manifest is-property@^1.0.2
337 silly packumentCache full:https://registry.npmjs.org/is-property cache-miss
338 http fetch GET 200 https://registry.npmjs.org/is-property 56ms (cache miss)
339 silly packumentCache full:https://registry.npmjs.org/is-property set size:undefined disposed:false
340 silly placeDep ROOT is-property@1.0.2 OK for: generate-function@2.3.1 want: ^1.0.2
341 silly placeDep ROOT ee-first@1.1.1 OK for: on-finished@2.4.1 want: 1.1.1
342 silly placeDep ROOT wrappy@1.0.2 OK for: once@1.4.0 want: 1
343 silly placeDep ROOT forwarded@0.2.0 OK for: proxy-addr@2.0.7 want: 0.2.0
344 silly placeDep ROOT ipaddr.js@1.9.1 OK for: proxy-addr@2.0.7 want: 1.9.1
345 silly placeDep ROOT side-channel@1.1.0 OK for: qs@6.15.2 want: ^1.1.0
346 silly fetch manifest es-errors@^1.3.0
347 silly packumentCache full:https://registry.npmjs.org/es-errors cache-miss
348 silly fetch manifest object-inspect@^1.13.3
349 silly packumentCache full:https://registry.npmjs.org/object-inspect cache-miss
350 silly fetch manifest side-channel-list@^1.0.0
351 silly packumentCache full:https://registry.npmjs.org/side-channel-list cache-miss
352 http fetch GET 200 https://registry.npmjs.org/es-errors 61ms (cache miss)
353 silly packumentCache full:https://registry.npmjs.org/es-errors set size:undefined disposed:false
354 silly fetch manifest side-channel-map@^1.0.1
355 silly packumentCache full:https://registry.npmjs.org/side-channel-map cache-miss
356 http fetch GET 200 https://registry.npmjs.org/side-channel-list 76ms (cache miss)
357 silly packumentCache full:https://registry.npmjs.org/side-channel-list set size:undefined disposed:false
358 silly fetch manifest side-channel-weakmap@^1.0.2
359 silly packumentCache full:https://registry.npmjs.org/side-channel-weakmap cache-miss
360 http fetch GET 200 https://registry.npmjs.org/object-inspect 208ms (cache miss)
361 silly packumentCache full:https://registry.npmjs.org/object-inspect set size:undefined disposed:false
362 http fetch GET 200 https://registry.npmjs.org/side-channel-map 170ms (cache miss)
363 silly packumentCache full:https://registry.npmjs.org/side-channel-map set size:undefined disposed:false
364 http fetch GET 200 https://registry.npmjs.org/side-channel-weakmap 175ms (cache miss)
365 silly packumentCache full:https://registry.npmjs.org/side-channel-weakmap set size:undefined disposed:false
366 silly placeDep ROOT unpipe@1.0.0 OK for: raw-body@3.0.2 want: ~1.0.0
367 silly placeDep ROOT is-promise@4.0.0 OK for: router@2.2.0 want: ^4.0.0
368 silly placeDep ROOT path-to-regexp@8.4.2 OK for: router@2.2.0 want: ^8.0.0
369 silly placeDep ROOT es-errors@1.3.0 OK for: side-channel@1.1.0 want: ^1.3.0
370 silly placeDep ROOT object-inspect@1.13.4 OK for: side-channel@1.1.0 want: ^1.13.3
371 silly placeDep ROOT side-channel-list@1.0.1 OK for: side-channel@1.1.0 want: ^1.0.0
372 silly placeDep ROOT side-channel-map@1.0.1 OK for: side-channel@1.1.0 want: ^1.0.1
373 silly placeDep ROOT side-channel-weakmap@1.0.2 OK for: side-channel@1.1.0 want: ^1.0.2
374 silly fetch manifest call-bound@^1.0.2
375 silly packumentCache full:https://registry.npmjs.org/call-bound cache-miss
376 silly fetch manifest get-intrinsic@^1.2.5
377 silly packumentCache full:https://registry.npmjs.org/get-intrinsic cache-miss
378 silly fetch manifest call-bound@^1.0.2
379 silly packumentCache full:https://registry.npmjs.org/call-bound cache-miss
380 http fetch GET 200 https://registry.npmjs.org/call-bound 114ms (cache miss)
381 silly packumentCache full:https://registry.npmjs.org/call-bound set size:undefined disposed:false
382 silly fetch manifest get-intrinsic@^1.2.5
383 silly packumentCache full:https://registry.npmjs.org/get-intrinsic cache-miss
384 http fetch GET 200 https://registry.npmjs.org/get-intrinsic 134ms (cache miss)
385 silly packumentCache full:https://registry.npmjs.org/get-intrinsic set size:undefined disposed:false
386 http fetch GET 200 https://registry.npmjs.org/call-bound 141ms (cache miss)
387 silly packumentCache full:https://registry.npmjs.org/call-bound set size:undefined disposed:false
388 http fetch GET 200 https://registry.npmjs.org/get-intrinsic 127ms (cache miss)
389 silly packumentCache full:https://registry.npmjs.org/get-intrinsic set size:undefined disposed:false
390 silly placeDep ROOT call-bound@1.0.4 OK for: side-channel-map@1.0.1 want: ^1.0.2
391 silly placeDep ROOT get-intrinsic@1.3.0 OK for: side-channel-map@1.0.1 want: ^1.2.5
392 silly fetch manifest call-bind-apply-helpers@^1.0.2
393 silly packumentCache full:https://registry.npmjs.org/call-bind-apply-helpers cache-miss
394 silly fetch manifest get-intrinsic@^1.3.0
395 silly packumentCache full:https://registry.npmjs.org/get-intrinsic cache-miss
396 silly fetch manifest gopd@^1.2.0
397 silly packumentCache full:https://registry.npmjs.org/gopd cache-miss
398 http cache https://registry.npmjs.org/get-intrinsic 22ms (cache hit)
399 silly packumentCache full:https://registry.npmjs.org/get-intrinsic set size:60985 disposed:false
400 silly fetch manifest hasown@^2.0.2
401 silly packumentCache full:https://registry.npmjs.org/hasown cache-miss
402 http fetch GET 200 https://registry.npmjs.org/call-bind-apply-helpers 70ms (cache miss)
403 silly packumentCache full:https://registry.npmjs.org/call-bind-apply-helpers set size:undefined disposed:false
404 silly fetch manifest get-proto@^1.0.1
405 silly packumentCache full:https://registry.npmjs.org/get-proto cache-miss
406 http fetch GET 200 https://registry.npmjs.org/gopd 93ms (cache miss)
407 silly packumentCache full:https://registry.npmjs.org/gopd set size:undefined disposed:false
408 silly fetch manifest has-symbols@^1.1.0
409 silly packumentCache full:https://registry.npmjs.org/has-symbols cache-miss
410 http fetch GET 200 https://registry.npmjs.org/hasown 115ms (cache miss)
411 silly packumentCache full:https://registry.npmjs.org/hasown set size:undefined disposed:false
412 silly fetch manifest function-bind@^1.1.2
413 silly packumentCache full:https://registry.npmjs.org/function-bind cache-miss
414 http fetch GET 200 https://registry.npmjs.org/get-proto 94ms (cache miss)
415 silly packumentCache full:https://registry.npmjs.org/get-proto set size:undefined disposed:false
416 silly fetch manifest es-object-atoms@^1.1.1
417 silly packumentCache full:https://registry.npmjs.org/es-object-atoms cache-miss
418 http fetch GET 200 https://registry.npmjs.org/has-symbols 111ms (cache miss)
419 silly packumentCache full:https://registry.npmjs.org/has-symbols set size:undefined disposed:false
420 silly fetch manifest math-intrinsics@^1.1.0
421 silly packumentCache full:https://registry.npmjs.org/math-intrinsics cache-miss
422 http fetch GET 200 https://registry.npmjs.org/function-bind 108ms (cache miss)
423 silly packumentCache full:https://registry.npmjs.org/function-bind set size:undefined disposed:false
424 silly fetch manifest es-define-property@^1.0.1
425 silly packumentCache full:https://registry.npmjs.org/es-define-property cache-miss
426 http fetch GET 200 https://registry.npmjs.org/es-object-atoms 110ms (cache miss)
427 silly packumentCache full:https://registry.npmjs.org/es-object-atoms set size:undefined disposed:false
428 http fetch GET 200 https://registry.npmjs.org/math-intrinsics 95ms (cache miss)
429 silly packumentCache full:https://registry.npmjs.org/math-intrinsics set size:undefined disposed:false
430 http fetch GET 200 https://registry.npmjs.org/es-define-property 77ms (cache miss)
431 silly packumentCache full:https://registry.npmjs.org/es-define-property set size:undefined disposed:false
432 silly placeDep ROOT call-bind-apply-helpers@1.0.2 OK for: call-bound@1.0.4 want: ^1.0.2
433 silly placeDep ROOT function-bind@1.1.2 OK for: call-bind-apply-helpers@1.0.2 want: ^1.1.2
434 silly placeDep ROOT es-define-property@1.0.1 OK for: get-intrinsic@1.3.0 want: ^1.0.1
435 silly placeDep ROOT es-object-atoms@1.1.2 OK for: get-intrinsic@1.3.0 want: ^1.1.1
436 silly placeDep ROOT get-proto@1.0.1 OK for: get-intrinsic@1.3.0 want: ^1.0.1
437 silly placeDep ROOT gopd@1.2.0 OK for: get-intrinsic@1.3.0 want: ^1.2.0
438 silly placeDep ROOT has-symbols@1.1.0 OK for: get-intrinsic@1.3.0 want: ^1.1.0
439 silly placeDep ROOT hasown@2.0.4 OK for: get-intrinsic@1.3.0 want: ^2.0.2
440 silly placeDep ROOT math-intrinsics@1.1.0 OK for: get-intrinsic@1.3.0 want: ^1.1.0
441 silly fetch manifest dunder-proto@^1.0.1
442 silly packumentCache full:https://registry.npmjs.org/dunder-proto cache-miss
443 http fetch GET 200 https://registry.npmjs.org/dunder-proto 61ms (cache miss)
444 silly packumentCache full:https://registry.npmjs.org/dunder-proto set size:undefined disposed:false
445 silly placeDep ROOT dunder-proto@1.0.1 OK for: get-proto@1.0.1 want: ^1.0.1
446 silly placeDep node_modules/type-is content-type@2.0.0 OK for: type-is@2.1.0 want: ^2.0.0
447 silly placeDep ROOT media-typer@1.1.0 OK for: type-is@2.1.0 want: ^1.1.0
448 silly reify moves {}
449 silly audit bulk request {
449 silly audit   cors: [ '2.8.6' ],
449 silly audit   dotenv: [ '17.4.2' ],
449 silly audit   express: [ '5.2.1' ],
449 silly audit   mysql2: [ '3.22.4' ],
449 silly audit   '@types/node': [ '25.9.1' ],
449 silly audit   'undici-types': [ '7.24.6' ],
449 silly audit   'object-assign': [ '4.1.1' ],
449 silly audit   vary: [ '1.1.2' ],
449 silly audit   accepts: [ '2.0.0' ],
449 silly audit   'body-parser': [ '2.2.2' ],
449 silly audit   'content-disposition': [ '1.1.0' ],
449 silly audit   'content-type': [ '1.0.5', '2.0.0' ],
449 silly audit   cookie: [ '0.7.2' ],
449 silly audit   'cookie-signature': [ '1.2.2' ],
449 silly audit   debug: [ '4.4.3' ],
449 silly audit   depd: [ '2.0.0' ],
449 silly audit   encodeurl: [ '2.0.0' ],
449 silly audit   'escape-html': [ '1.0.3' ],
449 silly audit   etag: [ '1.8.1' ],
449 silly audit   finalhandler: [ '2.1.1' ],
449 silly audit   fresh: [ '2.0.0' ],
449 silly audit   'http-errors': [ '2.0.1' ],
449 silly audit   'merge-descriptors': [ '2.0.0' ],
449 silly audit   'mime-types': [ '3.0.2' ],
449 silly audit   'on-finished': [ '2.4.1' ],
449 silly audit   once: [ '1.4.0' ],
449 silly audit   parseurl: [ '1.3.3' ],
449 silly audit   'proxy-addr': [ '2.0.7' ],
449 silly audit   qs: [ '6.15.2' ],
449 silly audit   'range-parser': [ '1.2.1' ],
449 silly audit   router: [ '2.2.0' ],
449 silly audit   send: [ '1.2.1' ],
449 silly audit   'serve-static': [ '2.2.1' ],
449 silly audit   statuses: [ '2.0.2' ],
449 silly audit   'type-is': [ '2.1.0' ],
449 silly audit   negotiator: [ '1.0.0' ],
449 silly audit   bytes: [ '3.1.2' ],
449 silly audit   'iconv-lite': [ '0.7.2' ],
449 silly audit   'raw-body': [ '3.0.2' ],
449 silly audit   ms: [ '2.1.3' ],
449 silly audit   inherits: [ '2.0.4' ],
449 silly audit   setprototypeof: [ '1.2.0' ],
449 silly audit   toidentifier: [ '1.0.1' ],
449 silly audit   'safer-buffer': [ '2.1.2' ],
449 silly audit   'mime-db': [ '1.54.0' ],
449 silly audit   'aws-ssl-profiles': [ '1.1.2' ],
449 silly audit   denque: [ '2.1.0' ],
449 silly audit   'generate-function': [ '2.3.1' ],
449 silly audit   long: [ '5.3.2' ],
449 silly audit   'lru.min': [ '1.1.4' ],
449 silly audit   'named-placeholders': [ '1.1.6' ],
449 silly audit   'sql-escaper': [ '1.3.3' ],
449 silly audit   'is-property': [ '1.0.2' ],
449 silly audit   'ee-first': [ '1.1.1' ],
449 silly audit   wrappy: [ '1.0.2' ],
449 silly audit   forwarded: [ '0.2.0' ],
449 silly audit   'ipaddr.js': [ '1.9.1' ],
449 silly audit   'side-channel': [ '1.1.0' ],
449 silly audit   unpipe: [ '1.0.0' ],
449 silly audit   'is-promise': [ '4.0.0' ],
449 silly audit   'path-to-regexp': [ '8.4.2' ],
449 silly audit   'es-errors': [ '1.3.0' ],
449 silly audit   'object-inspect': [ '1.13.4' ],
449 silly audit   'side-channel-list': [ '1.0.1' ],
449 silly audit   'side-channel-map': [ '1.0.1' ],
449 silly audit   'side-channel-weakmap': [ '1.0.2' ],
449 silly audit   'call-bound': [ '1.0.4' ],
449 silly audit   'get-intrinsic': [ '1.3.0' ],
449 silly audit   'call-bind-apply-helpers': [ '1.0.2' ],
449 silly audit   'function-bind': [ '1.1.2' ],
449 silly audit   'es-define-property': [ '1.0.1' ],
449 silly audit   'es-object-atoms': [ '1.1.2' ],
449 silly audit   'get-proto': [ '1.0.1' ],
449 silly audit   gopd: [ '1.2.0' ],
449 silly audit   'has-symbols': [ '1.1.0' ],
449 silly audit   hasown: [ '2.0.4' ],
449 silly audit   'math-intrinsics': [ '1.1.0' ],
449 silly audit   'dunder-proto': [ '1.0.1' ],
449 silly audit   'media-typer': [ '1.1.0' ]
449 silly audit }
450 http cache math-intrinsics@https://registry.npmjs.org/math-intrinsics/-/math-intrinsics-1.1.0.tgz 0ms (cache hit)
451 http cache dunder-proto@https://registry.npmjs.org/dunder-proto/-/dunder-proto-1.0.1.tgz 0ms (cache hit)
452 http cache hasown@https://registry.npmjs.org/hasown/-/hasown-2.0.4.tgz 0ms (cache hit)
453 http cache media-typer@https://registry.npmjs.org/media-typer/-/media-typer-1.1.0.tgz 0ms (cache hit)
454 http cache get-proto@https://registry.npmjs.org/get-proto/-/get-proto-1.0.1.tgz 0ms (cache hit)
455 http cache has-symbols@https://registry.npmjs.org/has-symbols/-/has-symbols-1.1.0.tgz 0ms (cache hit)
456 http cache es-object-atoms@https://registry.npmjs.org/es-object-atoms/-/es-object-atoms-1.1.2.tgz 0ms (cache hit)
457 http cache gopd@https://registry.npmjs.org/gopd/-/gopd-1.2.0.tgz 0ms (cache hit)
458 http cache es-define-property@https://registry.npmjs.org/es-define-property/-/es-define-property-1.0.1.tgz 0ms (cache hit)
459 http cache call-bind-apply-helpers@https://registry.npmjs.org/call-bind-apply-helpers/-/call-bind-apply-helpers-1.0.2.tgz 0ms (cache hit)
460 http cache get-intrinsic@https://registry.npmjs.org/get-intrinsic/-/get-intrinsic-1.3.0.tgz 0ms (cache hit)
461 http cache function-bind@https://registry.npmjs.org/function-bind/-/function-bind-1.1.2.tgz 0ms (cache hit)
462 http cache call-bound@https://registry.npmjs.org/call-bound/-/call-bound-1.0.4.tgz 0ms (cache hit)
463 http cache side-channel-weakmap@https://registry.npmjs.org/side-channel-weakmap/-/side-channel-weakmap-1.0.2.tgz 0ms (cache hit)
464 http cache side-channel-list@https://registry.npmjs.org/side-channel-list/-/side-channel-list-1.0.1.tgz 0ms (cache hit)
465 http cache side-channel-map@https://registry.npmjs.org/side-channel-map/-/side-channel-map-1.0.1.tgz 0ms (cache hit)
466 http cache object-inspect@https://registry.npmjs.org/object-inspect/-/object-inspect-1.13.4.tgz 0ms (cache hit)
467 http cache path-to-regexp@https://registry.npmjs.org/path-to-regexp/-/path-to-regexp-8.4.2.tgz 0ms (cache hit)
468 http cache es-errors@https://registry.npmjs.org/es-errors/-/es-errors-1.3.0.tgz 0ms (cache hit)
469 http cache is-promise@https://registry.npmjs.org/is-promise/-/is-promise-4.0.0.tgz 0ms (cache hit)
470 http cache unpipe@https://registry.npmjs.org/unpipe/-/unpipe-1.0.0.tgz 0ms (cache hit)
471 http cache side-channel@https://registry.npmjs.org/side-channel/-/side-channel-1.1.0.tgz 0ms (cache hit)
472 http cache ipaddr.js@https://registry.npmjs.org/ipaddr.js/-/ipaddr.js-1.9.1.tgz 0ms (cache hit)
473 http cache wrappy@https://registry.npmjs.org/wrappy/-/wrappy-1.0.2.tgz 0ms (cache hit)
474 http cache forwarded@https://registry.npmjs.org/forwarded/-/forwarded-0.2.0.tgz 0ms (cache hit)
475 http cache is-property@https://registry.npmjs.org/is-property/-/is-property-1.0.2.tgz 0ms (cache hit)
476 http cache ee-first@https://registry.npmjs.org/ee-first/-/ee-first-1.1.1.tgz 0ms (cache hit)
477 http cache sql-escaper@https://registry.npmjs.org/sql-escaper/-/sql-escaper-1.3.3.tgz 0ms (cache hit)
478 http cache named-placeholders@https://registry.npmjs.org/named-placeholders/-/named-placeholders-1.1.6.tgz 0ms (cache hit)
479 http cache lru.min@https://registry.npmjs.org/lru.min/-/lru.min-1.1.4.tgz 0ms (cache hit)
480 http cache long@https://registry.npmjs.org/long/-/long-5.3.2.tgz 0ms (cache hit)
481 http cache generate-function@https://registry.npmjs.org/generate-function/-/generate-function-2.3.1.tgz 1ms (cache hit)
482 http cache denque@https://registry.npmjs.org/denque/-/denque-2.1.0.tgz 0ms (cache hit)
483 http cache safer-buffer@https://registry.npmjs.org/safer-buffer/-/safer-buffer-2.1.2.tgz 0ms (cache hit)
484 http cache toidentifier@https://registry.npmjs.org/toidentifier/-/toidentifier-1.0.1.tgz 0ms (cache hit)
485 http cache aws-ssl-profiles@https://registry.npmjs.org/aws-ssl-profiles/-/aws-ssl-profiles-1.1.2.tgz 0ms (cache hit)
486 http cache mime-db@https://registry.npmjs.org/mime-db/-/mime-db-1.54.0.tgz 0ms (cache hit)
487 http cache raw-body@https://registry.npmjs.org/raw-body/-/raw-body-3.0.2.tgz 0ms (cache hit)
488 http cache setprototypeof@https://registry.npmjs.org/setprototypeof/-/setprototypeof-1.2.0.tgz 0ms (cache hit)
489 http cache ms@https://registry.npmjs.org/ms/-/ms-2.1.3.tgz 0ms (cache hit)
490 http cache inherits@https://registry.npmjs.org/inherits/-/inherits-2.0.4.tgz 0ms (cache hit)
491 http cache iconv-lite@https://registry.npmjs.org/iconv-lite/-/iconv-lite-0.7.2.tgz 0ms (cache hit)
492 http cache negotiator@https://registry.npmjs.org/negotiator/-/negotiator-1.0.0.tgz 0ms (cache hit)
493 http cache bytes@https://registry.npmjs.org/bytes/-/bytes-3.1.2.tgz 0ms (cache hit)
494 http cache type-is@https://registry.npmjs.org/type-is/-/type-is-2.1.0.tgz 0ms (cache hit)
495 http cache statuses@https://registry.npmjs.org/statuses/-/statuses-2.0.2.tgz 0ms (cache hit)
496 http cache serve-static@https://registry.npmjs.org/serve-static/-/serve-static-2.2.1.tgz 0ms (cache hit)
497 http cache router@https://registry.npmjs.org/router/-/router-2.2.0.tgz 0ms (cache hit)
498 http cache send@https://registry.npmjs.org/send/-/send-1.2.1.tgz 0ms (cache hit)
499 http cache range-parser@https://registry.npmjs.org/range-parser/-/range-parser-1.2.1.tgz 0ms (cache hit)
500 http cache proxy-addr@https://registry.npmjs.org/proxy-addr/-/proxy-addr-2.0.7.tgz 0ms (cache hit)
501 http cache qs@https://registry.npmjs.org/qs/-/qs-6.15.2.tgz 0ms (cache hit)
502 http cache parseurl@https://registry.npmjs.org/parseurl/-/parseurl-1.3.3.tgz 0ms (cache hit)
503 http cache on-finished@https://registry.npmjs.org/on-finished/-/on-finished-2.4.1.tgz 0ms (cache hit)
504 http cache once@https://registry.npmjs.org/once/-/once-1.4.0.tgz 0ms (cache hit)
505 http cache mime-types@https://registry.npmjs.org/mime-types/-/mime-types-3.0.2.tgz 0ms (cache hit)
506 http cache merge-descriptors@https://registry.npmjs.org/merge-descriptors/-/merge-descriptors-2.0.0.tgz 0ms (cache hit)
507 http cache http-errors@https://registry.npmjs.org/http-errors/-/http-errors-2.0.1.tgz 0ms (cache hit)
508 http cache etag@https://registry.npmjs.org/etag/-/etag-1.8.1.tgz 0ms (cache hit)
509 http cache fresh@https://registry.npmjs.org/fresh/-/fresh-2.0.0.tgz 0ms (cache hit)
510 http cache escape-html@https://registry.npmjs.org/escape-html/-/escape-html-1.0.3.tgz 0ms (cache hit)
511 http cache encodeurl@https://registry.npmjs.org/encodeurl/-/encodeurl-2.0.0.tgz 0ms (cache hit)
512 http cache finalhandler@https://registry.npmjs.org/finalhandler/-/finalhandler-2.1.1.tgz 0ms (cache hit)
513 http cache debug@https://registry.npmjs.org/debug/-/debug-4.4.3.tgz 0ms (cache hit)
514 http cache cookie@https://registry.npmjs.org/cookie/-/cookie-0.7.2.tgz 0ms (cache hit)
515 http cache depd@https://registry.npmjs.org/depd/-/depd-2.0.0.tgz 0ms (cache hit)
516 http cache cookie-signature@https://registry.npmjs.org/cookie-signature/-/cookie-signature-1.2.2.tgz 0ms (cache hit)
517 http cache content-disposition@https://registry.npmjs.org/content-disposition/-/content-disposition-1.1.0.tgz 0ms (cache hit)
518 http cache accepts@https://registry.npmjs.org/accepts/-/accepts-2.0.0.tgz 0ms (cache hit)
519 http cache body-parser@https://registry.npmjs.org/body-parser/-/body-parser-2.2.2.tgz 0ms (cache hit)
520 http cache content-type@https://registry.npmjs.org/content-type/-/content-type-1.0.5.tgz 0ms (cache hit)
521 http cache @types/node@https://registry.npmjs.org/@types/node/-/node-25.9.1.tgz 0ms (cache hit)
522 http cache object-assign@https://registry.npmjs.org/object-assign/-/object-assign-4.1.1.tgz 0ms (cache hit)
523 http cache vary@https://registry.npmjs.org/vary/-/vary-1.1.2.tgz 0ms (cache hit)
524 http cache undici-types@https://registry.npmjs.org/undici-types/-/undici-types-7.24.6.tgz 0ms (cache hit)
525 http cache content-type@https://registry.npmjs.org/content-type/-/content-type-2.0.0.tgz 0ms (cache hit)
526 http cache mysql2@https://registry.npmjs.org/mysql2/-/mysql2-3.22.4.tgz 1ms (cache hit)
527 silly tarball no local data for dunder-proto@https://registry.npmjs.org/dunder-proto/-/dunder-proto-1.0.1.tgz. Extracting by manifest.
528 silly tarball no local data for math-intrinsics@https://registry.npmjs.org/math-intrinsics/-/math-intrinsics-1.1.0.tgz. Extracting by manifest.
529 silly tarball no local data for hasown@https://registry.npmjs.org/hasown/-/hasown-2.0.4.tgz. Extracting by manifest.
530 http cache cors@https://registry.npmjs.org/cors/-/cors-2.8.6.tgz 0ms (cache hit)
531 silly tarball no local data for media-typer@https://registry.npmjs.org/media-typer/-/media-typer-1.1.0.tgz. Extracting by manifest.
532 silly tarball no local data for has-symbols@https://registry.npmjs.org/has-symbols/-/has-symbols-1.1.0.tgz. Extracting by manifest.
533 silly tarball no local data for get-proto@https://registry.npmjs.org/get-proto/-/get-proto-1.0.1.tgz. Extracting by manifest.
534 silly tarball no local data for es-object-atoms@https://registry.npmjs.org/es-object-atoms/-/es-object-atoms-1.1.2.tgz. Extracting by manifest.
535 http cache express@https://registry.npmjs.org/express/-/express-5.2.1.tgz 0ms (cache hit)
536 http cache dotenv@https://registry.npmjs.org/dotenv/-/dotenv-17.4.2.tgz 0ms (cache hit)
537 silly tarball no local data for gopd@https://registry.npmjs.org/gopd/-/gopd-1.2.0.tgz. Extracting by manifest.
538 silly tarball no local data for es-define-property@https://registry.npmjs.org/es-define-property/-/es-define-property-1.0.1.tgz. Extracting by manifest.
539 silly tarball no local data for call-bind-apply-helpers@https://registry.npmjs.org/call-bind-apply-helpers/-/call-bind-apply-helpers-1.0.2.tgz. Extracting by manifest.
540 silly tarball no local data for get-intrinsic@https://registry.npmjs.org/get-intrinsic/-/get-intrinsic-1.3.0.tgz. Extracting by manifest.
541 silly tarball no local data for function-bind@https://registry.npmjs.org/function-bind/-/function-bind-1.1.2.tgz. Extracting by manifest.
542 silly tarball no local data for call-bound@https://registry.npmjs.org/call-bound/-/call-bound-1.0.4.tgz. Extracting by manifest.
543 silly tarball no local data for side-channel-weakmap@https://registry.npmjs.org/side-channel-weakmap/-/side-channel-weakmap-1.0.2.tgz. Extracting by manifest.
544 silly tarball no local data for side-channel-list@https://registry.npmjs.org/side-channel-list/-/side-channel-list-1.0.1.tgz. Extracting by manifest.
545 silly tarball no local data for side-channel-map@https://registry.npmjs.org/side-channel-map/-/side-channel-map-1.0.1.tgz. Extracting by manifest.
546 silly tarball no local data for object-inspect@https://registry.npmjs.org/object-inspect/-/object-inspect-1.13.4.tgz. Extracting by manifest.
547 silly tarball no local data for path-to-regexp@https://registry.npmjs.org/path-to-regexp/-/path-to-regexp-8.4.2.tgz. Extracting by manifest.
548 silly tarball no local data for es-errors@https://registry.npmjs.org/es-errors/-/es-errors-1.3.0.tgz. Extracting by manifest.
549 silly tarball no local data for is-promise@https://registry.npmjs.org/is-promise/-/is-promise-4.0.0.tgz. Extracting by manifest.
550 silly tarball no local data for unpipe@https://registry.npmjs.org/unpipe/-/unpipe-1.0.0.tgz. Extracting by manifest.
551 silly tarball no local data for side-channel@https://registry.npmjs.org/side-channel/-/side-channel-1.1.0.tgz. Extracting by manifest.
552 silly tarball no local data for ipaddr.js@https://registry.npmjs.org/ipaddr.js/-/ipaddr.js-1.9.1.tgz. Extracting by manifest.
553 silly tarball no local data for wrappy@https://registry.npmjs.org/wrappy/-/wrappy-1.0.2.tgz. Extracting by manifest.
554 silly tarball no local data for forwarded@https://registry.npmjs.org/forwarded/-/forwarded-0.2.0.tgz. Extracting by manifest.
555 silly tarball no local data for is-property@https://registry.npmjs.org/is-property/-/is-property-1.0.2.tgz. Extracting by manifest.
556 silly tarball no local data for ee-first@https://registry.npmjs.org/ee-first/-/ee-first-1.1.1.tgz. Extracting by manifest.
557 silly tarball no local data for sql-escaper@https://registry.npmjs.org/sql-escaper/-/sql-escaper-1.3.3.tgz. Extracting by manifest.
558 silly tarball no local data for named-placeholders@https://registry.npmjs.org/named-placeholders/-/named-placeholders-1.1.6.tgz. Extracting by manifest.
559 silly tarball no local data for lru.min@https://registry.npmjs.org/lru.min/-/lru.min-1.1.4.tgz. Extracting by manifest.
560 silly tarball no local data for long@https://registry.npmjs.org/long/-/long-5.3.2.tgz. Extracting by manifest.
561 silly tarball no local data for generate-function@https://registry.npmjs.org/generate-function/-/generate-function-2.3.1.tgz. Extracting by manifest.
562 silly tarball no local data for denque@https://registry.npmjs.org/denque/-/denque-2.1.0.tgz. Extracting by manifest.
563 silly tarball no local data for safer-buffer@https://registry.npmjs.org/safer-buffer/-/safer-buffer-2.1.2.tgz. Extracting by manifest.
564 silly tarball no local data for toidentifier@https://registry.npmjs.org/toidentifier/-/toidentifier-1.0.1.tgz. Extracting by manifest.
565 silly tarball no local data for aws-ssl-profiles@https://registry.npmjs.org/aws-ssl-profiles/-/aws-ssl-profiles-1.1.2.tgz. Extracting by manifest.
566 silly tarball no local data for mime-db@https://registry.npmjs.org/mime-db/-/mime-db-1.54.0.tgz. Extracting by manifest.
567 silly tarball no local data for raw-body@https://registry.npmjs.org/raw-body/-/raw-body-3.0.2.tgz. Extracting by manifest.
568 silly tarball no local data for setprototypeof@https://registry.npmjs.org/setprototypeof/-/setprototypeof-1.2.0.tgz. Extracting by manifest.
569 silly tarball no local data for ms@https://registry.npmjs.org/ms/-/ms-2.1.3.tgz. Extracting by manifest.
570 silly tarball no local data for inherits@https://registry.npmjs.org/inherits/-/inherits-2.0.4.tgz. Extracting by manifest.
571 silly tarball no local data for iconv-lite@https://registry.npmjs.org/iconv-lite/-/iconv-lite-0.7.2.tgz. Extracting by manifest.
572 silly tarball no local data for negotiator@https://registry.npmjs.org/negotiator/-/negotiator-1.0.0.tgz. Extracting by manifest.
573 silly tarball no local data for bytes@https://registry.npmjs.org/bytes/-/bytes-3.1.2.tgz. Extracting by manifest.
574 silly tarball no local data for type-is@https://registry.npmjs.org/type-is/-/type-is-2.1.0.tgz. Extracting by manifest.
575 silly tarball no local data for statuses@https://registry.npmjs.org/statuses/-/statuses-2.0.2.tgz. Extracting by manifest.
576 silly tarball no local data for serve-static@https://registry.npmjs.org/serve-static/-/serve-static-2.2.1.tgz. Extracting by manifest.
577 silly tarball no local data for router@https://registry.npmjs.org/router/-/router-2.2.0.tgz. Extracting by manifest.
578 silly tarball no local data for send@https://registry.npmjs.org/send/-/send-1.2.1.tgz. Extracting by manifest.
579 silly tarball no local data for range-parser@https://registry.npmjs.org/range-parser/-/range-parser-1.2.1.tgz. Extracting by manifest.
580 silly tarball no local data for proxy-addr@https://registry.npmjs.org/proxy-addr/-/proxy-addr-2.0.7.tgz. Extracting by manifest.
581 silly tarball no local data for qs@https://registry.npmjs.org/qs/-/qs-6.15.2.tgz. Extracting by manifest.
582 silly tarball no local data for parseurl@https://registry.npmjs.org/parseurl/-/parseurl-1.3.3.tgz. Extracting by manifest.
583 silly tarball no local data for on-finished@https://registry.npmjs.org/on-finished/-/on-finished-2.4.1.tgz. Extracting by manifest.
584 silly tarball no local data for once@https://registry.npmjs.org/once/-/once-1.4.0.tgz. Extracting by manifest.
585 silly tarball no local data for mime-types@https://registry.npmjs.org/mime-types/-/mime-types-3.0.2.tgz. Extracting by manifest.
586 silly tarball no local data for merge-descriptors@https://registry.npmjs.org/merge-descriptors/-/merge-descriptors-2.0.0.tgz. Extracting by manifest.
587 silly tarball no local data for http-errors@https://registry.npmjs.org/http-errors/-/http-errors-2.0.1.tgz. Extracting by manifest.
588 silly tarball no local data for etag@https://registry.npmjs.org/etag/-/etag-1.8.1.tgz. Extracting by manifest.
589 silly tarball no local data for fresh@https://registry.npmjs.org/fresh/-/fresh-2.0.0.tgz. Extracting by manifest.
590 silly tarball no local data for escape-html@https://registry.npmjs.org/escape-html/-/escape-html-1.0.3.tgz. Extracting by manifest.
591 silly tarball no local data for encodeurl@https://registry.npmjs.org/encodeurl/-/encodeurl-2.0.0.tgz. Extracting by manifest.
592 silly tarball no local data for finalhandler@https://registry.npmjs.org/finalhandler/-/finalhandler-2.1.1.tgz. Extracting by manifest.
593 silly tarball no local data for debug@https://registry.npmjs.org/debug/-/debug-4.4.3.tgz. Extracting by manifest.
594 silly tarball no local data for cookie@https://registry.npmjs.org/cookie/-/cookie-0.7.2.tgz. Extracting by manifest.
595 silly tarball no local data for depd@https://registry.npmjs.org/depd/-/depd-2.0.0.tgz. Extracting by manifest.
596 silly tarball no local data for cookie-signature@https://registry.npmjs.org/cookie-signature/-/cookie-signature-1.2.2.tgz. Extracting by manifest.
597 silly tarball no local data for content-disposition@https://registry.npmjs.org/content-disposition/-/content-disposition-1.1.0.tgz. Extracting by manifest.
598 silly tarball no local data for accepts@https://registry.npmjs.org/accepts/-/accepts-2.0.0.tgz. Extracting by manifest.
599 silly tarball no local data for body-parser@https://registry.npmjs.org/body-parser/-/body-parser-2.2.2.tgz. Extracting by manifest.
600 silly tarball no local data for content-type@https://registry.npmjs.org/content-type/-/content-type-1.0.5.tgz. Extracting by manifest.
601 silly tarball no local data for @types/node@https://registry.npmjs.org/@types/node/-/node-25.9.1.tgz. Extracting by manifest.
602 silly tarball no local data for object-assign@https://registry.npmjs.org/object-assign/-/object-assign-4.1.1.tgz. Extracting by manifest.
603 silly tarball no local data for vary@https://registry.npmjs.org/vary/-/vary-1.1.2.tgz. Extracting by manifest.
604 silly tarball no local data for undici-types@https://registry.npmjs.org/undici-types/-/undici-types-7.24.6.tgz. Extracting by manifest.
605 silly tarball no local data for content-type@https://registry.npmjs.org/content-type/-/content-type-2.0.0.tgz. Extracting by manifest.
606 silly tarball no local data for mysql2@https://registry.npmjs.org/mysql2/-/mysql2-3.22.4.tgz. Extracting by manifest.
607 silly tarball no local data for cors@https://registry.npmjs.org/cors/-/cors-2.8.6.tgz. Extracting by manifest.
608 silly tarball no local data for express@https://registry.npmjs.org/express/-/express-5.2.1.tgz. Extracting by manifest.
609 silly tarball no local data for dotenv@https://registry.npmjs.org/dotenv/-/dotenv-17.4.2.tgz. Extracting by manifest.
610 http fetch POST 200 https://registry.npmjs.org/-/npm/v1/security/advisories/bulk 210ms
611 silly audit report {}
612 http fetch GET 200 https://registry.npmjs.org/dunder-proto/-/dunder-proto-1.0.1.tgz 185ms (cache miss)
613 http fetch GET 200 https://registry.npmjs.org/math-intrinsics/-/math-intrinsics-1.1.0.tgz 189ms (cache miss)
614 http fetch GET 200 https://registry.npmjs.org/side-channel-list/-/side-channel-list-1.0.1.tgz 219ms (cache miss)
615 http fetch GET 200 https://registry.npmjs.org/side-channel-map/-/side-channel-map-1.0.1.tgz 236ms (cache miss)
616 http fetch GET 200 https://registry.npmjs.org/path-to-regexp/-/path-to-regexp-8.4.2.tgz 390ms (cache miss)
617 http fetch GET 200 https://registry.npmjs.org/es-errors/-/es-errors-1.3.0.tgz 417ms (cache miss)
618 http fetch GET 200 https://registry.npmjs.org/object-inspect/-/object-inspect-1.13.4.tgz 443ms (cache miss)
619 http fetch GET 200 https://registry.npmjs.org/media-typer/-/media-typer-1.1.0.tgz 464ms (cache miss)
620 http fetch GET 200 https://registry.npmjs.org/hasown/-/hasown-2.0.4.tgz 495ms (cache miss)
621 http fetch GET 200 https://registry.npmjs.org/get-proto/-/get-proto-1.0.1.tgz 502ms (cache miss)
622 http fetch GET 200 https://registry.npmjs.org/has-symbols/-/has-symbols-1.1.0.tgz 503ms (cache miss)
623 http fetch GET 200 https://registry.npmjs.org/gopd/-/gopd-1.2.0.tgz 510ms (cache miss)
624 http fetch GET 200 https://registry.npmjs.org/unpipe/-/unpipe-1.0.0.tgz 516ms (cache miss)
625 http fetch GET 200 https://registry.npmjs.org/is-promise/-/is-promise-4.0.0.tgz 516ms (cache miss)
626 http fetch GET 200 https://registry.npmjs.org/side-channel/-/side-channel-1.1.0.tgz 557ms (cache miss)
627 http fetch GET 200 https://registry.npmjs.org/es-object-atoms/-/es-object-atoms-1.1.2.tgz 628ms (cache miss)
628 http fetch GET 200 https://registry.npmjs.org/es-define-property/-/es-define-property-1.0.1.tgz 635ms (cache miss)
629 http fetch GET 200 https://registry.npmjs.org/wrappy/-/wrappy-1.0.2.tgz 667ms (cache miss)
630 http fetch GET 200 https://registry.npmjs.org/is-property/-/is-property-1.0.2.tgz 667ms (cache miss)
631 http fetch GET 200 https://registry.npmjs.org/forwarded/-/forwarded-0.2.0.tgz 671ms (cache miss)
632 http fetch GET 200 https://registry.npmjs.org/ee-first/-/ee-first-1.1.1.tgz 669ms (cache miss)
633 http fetch GET 200 https://registry.npmjs.org/named-placeholders/-/named-placeholders-1.1.6.tgz 728ms (cache miss)
634 http fetch GET 200 https://registry.npmjs.org/function-bind/-/function-bind-1.1.2.tgz 737ms (cache miss)
635 http fetch GET 200 https://registry.npmjs.org/lru.min/-/lru.min-1.1.4.tgz 747ms (cache miss)
636 http fetch GET 200 https://registry.npmjs.org/ipaddr.js/-/ipaddr.js-1.9.1.tgz 756ms (cache miss)
637 http fetch GET 200 https://registry.npmjs.org/denque/-/denque-2.1.0.tgz 816ms (cache miss)
638 http fetch GET 200 https://registry.npmjs.org/toidentifier/-/toidentifier-1.0.1.tgz 885ms (cache miss)
639 http fetch GET 200 https://registry.npmjs.org/inherits/-/inherits-2.0.4.tgz 888ms (cache miss)
640 http fetch GET 200 https://registry.npmjs.org/call-bound/-/call-bound-1.0.4.tgz 898ms (cache miss)
641 http fetch GET 200 https://registry.npmjs.org/side-channel-weakmap/-/side-channel-weakmap-1.0.2.tgz 900ms (cache miss)
642 http fetch GET 200 https://registry.npmjs.org/generate-function/-/generate-function-2.3.1.tgz 898ms (cache miss)
643 http fetch GET 200 https://registry.npmjs.org/setprototypeof/-/setprototypeof-1.2.0.tgz 898ms (cache miss)
644 http fetch GET 200 https://registry.npmjs.org/get-intrinsic/-/get-intrinsic-1.3.0.tgz 945ms (cache miss)
645 http fetch GET 200 https://registry.npmjs.org/ms/-/ms-2.1.3.tgz 958ms (cache miss)
646 http fetch GET 200 https://registry.npmjs.org/sql-escaper/-/sql-escaper-1.3.3.tgz 970ms (cache miss)
647 http fetch GET 200 https://registry.npmjs.org/call-bind-apply-helpers/-/call-bind-apply-helpers-1.0.2.tgz 995ms (cache miss)
648 http fetch GET 200 https://registry.npmjs.org/bytes/-/bytes-3.1.2.tgz 987ms (cache miss)
649 http fetch GET 200 https://registry.npmjs.org/raw-body/-/raw-body-3.0.2.tgz 1023ms (cache miss)
650 http fetch GET 200 https://registry.npmjs.org/serve-static/-/serve-static-2.2.1.tgz 1062ms (cache miss)
651 http fetch GET 200 https://registry.npmjs.org/type-is/-/type-is-2.1.0.tgz 1064ms (cache miss)
652 http fetch GET 200 https://registry.npmjs.org/range-parser/-/range-parser-1.2.1.tgz 1109ms (cache miss)
653 http fetch GET 200 https://registry.npmjs.org/parseurl/-/parseurl-1.3.3.tgz 1118ms (cache miss)
654 http fetch GET 200 https://registry.npmjs.org/statuses/-/statuses-2.0.2.tgz 1148ms (cache miss)
655 http fetch GET 200 https://registry.npmjs.org/once/-/once-1.4.0.tgz 1152ms (cache miss)
656 http fetch GET 200 https://registry.npmjs.org/merge-descriptors/-/merge-descriptors-2.0.0.tgz 1179ms (cache miss)
657 http fetch GET 200 https://registry.npmjs.org/escape-html/-/escape-html-1.0.3.tgz 1209ms (cache miss)
658 http fetch GET 200 https://registry.npmjs.org/safer-buffer/-/safer-buffer-2.1.2.tgz 1240ms (cache miss)
659 http fetch GET 200 https://registry.npmjs.org/http-errors/-/http-errors-2.0.1.tgz 1229ms (cache miss)
660 http fetch GET 200 https://registry.npmjs.org/proxy-addr/-/proxy-addr-2.0.7.tgz 1242ms (cache miss)
661 http fetch GET 200 https://registry.npmjs.org/encodeurl/-/encodeurl-2.0.0.tgz 1257ms (cache miss)
662 http fetch GET 200 https://registry.npmjs.org/on-finished/-/on-finished-2.4.1.tgz 1269ms (cache miss)
663 http fetch GET 200 https://registry.npmjs.org/fresh/-/fresh-2.0.0.tgz 1269ms (cache miss)
664 http fetch GET 200 https://registry.npmjs.org/etag/-/etag-1.8.1.tgz 1288ms (cache miss)
665 http fetch GET 200 https://registry.npmjs.org/object-assign/-/object-assign-4.1.1.tgz 1293ms (cache miss)
666 http fetch GET 200 https://registry.npmjs.org/send/-/send-1.2.1.tgz 1304ms (cache miss)
667 http fetch GET 200 https://registry.npmjs.org/mime-db/-/mime-db-1.54.0.tgz 1309ms (cache miss)
668 http fetch GET 200 https://registry.npmjs.org/long/-/long-5.3.2.tgz 1336ms (cache miss)
669 http fetch GET 200 https://registry.npmjs.org/content-type/-/content-type-1.0.5.tgz 1323ms (cache miss)
670 http fetch GET 200 https://registry.npmjs.org/cookie-signature/-/cookie-signature-1.2.2.tgz 1328ms (cache miss)
671 http fetch GET 200 https://registry.npmjs.org/vary/-/vary-1.1.2.tgz 1328ms (cache miss)
672 http fetch GET 200 https://registry.npmjs.org/content-disposition/-/content-disposition-1.1.0.tgz 1336ms (cache miss)
673 http fetch GET 200 https://registry.npmjs.org/finalhandler/-/finalhandler-2.1.1.tgz 1339ms (cache miss)
674 http fetch GET 200 https://registry.npmjs.org/accepts/-/accepts-2.0.0.tgz 1340ms (cache miss)
675 http fetch GET 200 https://registry.npmjs.org/negotiator/-/negotiator-1.0.0.tgz 1354ms (cache miss)
676 http fetch GET 200 https://registry.npmjs.org/cookie/-/cookie-0.7.2.tgz 1344ms (cache miss)
677 http fetch GET 200 https://registry.npmjs.org/mime-types/-/mime-types-3.0.2.tgz 1348ms (cache miss)
678 http fetch GET 200 https://registry.npmjs.org/content-type/-/content-type-2.0.0.tgz 1347ms (cache miss)
679 http fetch GET 200 https://registry.npmjs.org/router/-/router-2.2.0.tgz 1360ms (cache miss)
680 http fetch GET 200 https://registry.npmjs.org/cors/-/cors-2.8.6.tgz 1348ms (cache miss)
681 http fetch GET 200 https://registry.npmjs.org/depd/-/depd-2.0.0.tgz 1359ms (cache miss)
682 http fetch GET 200 https://registry.npmjs.org/debug/-/debug-4.4.3.tgz 1365ms (cache miss)
683 http fetch GET 200 https://registry.npmjs.org/body-parser/-/body-parser-2.2.2.tgz 1379ms (cache miss)
684 http fetch GET 200 https://registry.npmjs.org/aws-ssl-profiles/-/aws-ssl-profiles-1.1.2.tgz 1433ms (cache miss)
685 http fetch GET 200 https://registry.npmjs.org/express/-/express-5.2.1.tgz 1389ms (cache miss)
686 http fetch GET 200 https://registry.npmjs.org/dotenv/-/dotenv-17.4.2.tgz 1502ms (cache miss)
687 http fetch GET 200 https://registry.npmjs.org/qs/-/qs-6.15.2.tgz 1597ms (cache miss)
688 http fetch GET 200 https://registry.npmjs.org/undici-types/-/undici-types-7.24.6.tgz 1625ms (cache miss)
689 http fetch GET 200 https://registry.npmjs.org/iconv-lite/-/iconv-lite-0.7.2.tgz 1644ms (cache miss)
690 http fetch GET 200 https://registry.npmjs.org/@types/node/-/node-25.9.1.tgz 1746ms (cache miss)
691 http fetch GET 200 https://registry.npmjs.org/mysql2/-/mysql2-3.22.4.tgz 1813ms (cache miss)
692 silly ADD node_modules/media-typer
693 silly ADD node_modules/dunder-proto
694 silly ADD node_modules/math-intrinsics
695 silly ADD node_modules/hasown
696 silly ADD node_modules/has-symbols
697 silly ADD node_modules/gopd
698 silly ADD node_modules/get-proto
699 silly ADD node_modules/es-object-atoms
700 silly ADD node_modules/es-define-property
701 silly ADD node_modules/function-bind
702 silly ADD node_modules/call-bind-apply-helpers
703 silly ADD node_modules/get-intrinsic
704 silly ADD node_modules/call-bound
705 silly ADD node_modules/side-channel-weakmap
706 silly ADD node_modules/side-channel-map
707 silly ADD node_modules/side-channel-list
708 silly ADD node_modules/object-inspect
709 silly ADD node_modules/es-errors
710 silly ADD node_modules/path-to-regexp
711 silly ADD node_modules/is-promise
712 silly ADD node_modules/unpipe
713 silly ADD node_modules/side-channel
714 silly ADD node_modules/ipaddr.js
715 silly ADD node_modules/forwarded
716 silly ADD node_modules/wrappy
717 silly ADD node_modules/ee-first
718 silly ADD node_modules/is-property
719 silly ADD node_modules/sql-escaper
720 silly ADD node_modules/named-placeholders
721 silly ADD node_modules/lru.min
722 silly ADD node_modules/long
723 silly ADD node_modules/generate-function
724 silly ADD node_modules/denque
725 silly ADD node_modules/aws-ssl-profiles
726 silly ADD node_modules/mime-db
727 silly ADD node_modules/safer-buffer
728 silly ADD node_modules/toidentifier
729 silly ADD node_modules/setprototypeof
730 silly ADD node_modules/inherits
731 silly ADD node_modules/ms
732 silly ADD node_modules/raw-body
733 silly ADD node_modules/iconv-lite
734 silly ADD node_modules/bytes
735 silly ADD node_modules/negotiator
736 silly ADD node_modules/type-is
737 silly ADD node_modules/type-is/node_modules/content-type
738 silly ADD node_modules/statuses
739 silly ADD node_modules/serve-static
740 silly ADD node_modules/send
741 silly ADD node_modules/router
742 silly ADD node_modules/range-parser
743 silly ADD node_modules/qs
744 silly ADD node_modules/proxy-addr
745 silly ADD node_modules/parseurl
746 silly ADD node_modules/once
747 silly ADD node_modules/on-finished
748 silly ADD node_modules/mime-types
749 silly ADD node_modules/merge-descriptors
750 silly ADD node_modules/http-errors
751 silly ADD node_modules/fresh
752 silly ADD node_modules/finalhandler
753 silly ADD node_modules/etag
754 silly ADD node_modules/escape-html
755 silly ADD node_modules/encodeurl
756 silly ADD node_modules/depd
757 silly ADD node_modules/debug
758 silly ADD node_modules/cookie-signature
759 silly ADD node_modules/cookie
760 silly ADD node_modules/content-type
761 silly ADD node_modules/content-disposition
762 silly ADD node_modules/body-parser
763 silly ADD node_modules/accepts
764 silly ADD node_modules/vary
765 silly ADD node_modules/object-assign
766 silly ADD node_modules/undici-types
767 silly ADD node_modules/@types/node
768 silly ADD node_modules/mysql2
769 silly ADD node_modules/express
770 silly ADD node_modules/dotenv
771 silly ADD node_modules/cors
772 verbose cwd D:\Proyectos\MedLy\backend
773 verbose os Windows_NT 10.0.26200
774 verbose node v22.20.0
775 verbose npm  v11.8.0
776 verbose exit 0
777 info ok
